CRITICAL - 2023-03-30 18:10:10 --> Undefined variable $slider
in APPPATH/Views/frontend/retro/pages/home.php on line 354.
 1 APPPATH/Views/frontend/retro/pages/home.php(354): CodeIgniter\Debug\Exceptions->errorHandler(2, 'Undefined variable $slider', 'APPPATH/Views/frontend/retro/pages/home.php', 354)
 2 SYSTEMPATH/View/View.php(213): include('APPPATH/Views/frontend/retro/pages/home.php')
 3 SYSTEMPATH/View/View.php(216): CodeIgniter\View\View->CodeIgniter\View\{closure}()
 4 SYSTEMPATH/Common.php(1184): CodeIgniter\View\View->render('frontend/retro/pages/home', [], true)
 5 APPPATH/Views/frontend/retro/template.php(44): view('frontend/retro/pages/home')
 6 SYSTEMPATH/View/View.php(213): include('APPPATH/Views/frontend/retro/template.php')
 7 SYSTEMPATH/View/View.php(216): CodeIgniter\View\View->CodeIgniter\View\{closure}()
 8 SYSTEMPATH/Common.php(1184): CodeIgniter\View\View->render('/frontend/retro/template', [], true)
 9 APPPATH/Controllers/Home.php(63): view('/frontend/retro/template', [...])
10 SYSTEMPATH/CodeIgniter.php(934): App\Controllers\Home->index()
11 SYSTEMPATH/CodeIgniter.php(499): CodeIgniter\CodeIgniter->runController(Object(App\Controllers\Home))
12 SYSTEMPATH/CodeIgniter.php(368): CodeIgniter\CodeIgniter->handleRequest(null, Object(Config\Cache), false)
13 FCPATH/index.php(54): CodeIgniter\CodeIgniter->run()
CRITICAL - 2023-03-30 19:12:47 --> count(): Argument #1 ($value) must be of type Countable|array, int given
in APPPATH/Views/frontend/retro/pages/home.php on line 332.
 1 SYSTEMPATH/View/View.php(213): include()
 2 SYSTEMPATH/View/View.php(216): CodeIgniter\View\View->CodeIgniter\View\{closure}()
 3 SYSTEMPATH/Common.php(1184): CodeIgniter\View\View->render('frontend/retro/pages/home', [], true)
 4 APPPATH/Views/frontend/retro/template.php(44): view('frontend/retro/pages/home')
 5 SYSTEMPATH/View/View.php(213): include('APPPATH/Views/frontend/retro/template.php')
 6 SYSTEMPATH/View/View.php(216): CodeIgniter\View\View->CodeIgniter\View\{closure}()
 7 SYSTEMPATH/Common.php(1184): CodeIgniter\View\View->render('/frontend/retro/template', [], true)
 8 APPPATH/Controllers/Home.php(63): view('/frontend/retro/template', [...])
 9 SYSTEMPATH/CodeIgniter.php(934): App\Controllers\Home->index()
10 SYSTEMPATH/CodeIgniter.php(499): CodeIgniter\CodeIgniter->runController(Object(App\Controllers\Home))
11 SYSTEMPATH/CodeIgniter.php(368): CodeIgniter\CodeIgniter->handleRequest(null, Object(Config\Cache), false)
12 FCPATH/index.php(54): CodeIgniter\CodeIgniter->run()
CRITICAL - 2023-03-30 19:37:24 --> Undefined variable $a
in APPPATH/Views/frontend/retro/pages/home.php on line 337.
 1 APPPATH/Views/frontend/retro/pages/home.php(337): CodeIgniter\Debug\Exceptions->errorHandler(2, 'Undefined variable $a', 'APPPATH/Views/frontend/retro/pages/home.php', 337)
 2 SYSTEMPATH/View/View.php(213): include('APPPATH/Views/frontend/retro/pages/home.php')
 3 SYSTEMPATH/View/View.php(216): CodeIgniter\View\View->CodeIgniter\View\{closure}()
 4 SYSTEMPATH/Common.php(1184): CodeIgniter\View\View->render('frontend/retro/pages/home', [], true)
 5 APPPATH/Views/frontend/retro/template.php(44): view('frontend/retro/pages/home')
 6 SYSTEMPATH/View/View.php(213): include('APPPATH/Views/frontend/retro/template.php')
 7 SYSTEMPATH/View/View.php(216): CodeIgniter\View\View->CodeIgniter\View\{closure}()
 8 SYSTEMPATH/Common.php(1184): CodeIgniter\View\View->render('/frontend/retro/template', [], true)
 9 APPPATH/Controllers/Home.php(63): view('/frontend/retro/template', [...])
10 SYSTEMPATH/CodeIgniter.php(934): App\Controllers\Home->index()
11 SYSTEMPATH/CodeIgniter.php(499): CodeIgniter\CodeIgniter->runController(Object(App\Controllers\Home))
12 SYSTEMPATH/CodeIgniter.php(368): CodeIgniter\CodeIgniter->handleRequest(null, Object(Config\Cache), false)
13 FCPATH/index.php(54): CodeIgniter\CodeIgniter->run()
CRITICAL - 2023-03-30 19:37:56 --> Undefined array key "ImageName"
in APPPATH/Views/frontend/retro/pages/home.php on line 339.
 1 APPPATH/Views/frontend/retro/pages/home.php(339): CodeIgniter\Debug\Exceptions->errorHandler(2, 'Undefined array key "ImageName"', 'APPPATH/Views/frontend/retro/pages/home.php', 339)
 2 SYSTEMPATH/View/View.php(213): include('APPPATH/Views/frontend/retro/pages/home.php')
 3 SYSTEMPATH/View/View.php(216): CodeIgniter\View\View->CodeIgniter\View\{closure}()
 4 SYSTEMPATH/Common.php(1184): CodeIgniter\View\View->render('frontend/retro/pages/home', [], true)
 5 APPPATH/Views/frontend/retro/template.php(44): view('frontend/retro/pages/home')
 6 SYSTEMPATH/View/View.php(213): include('APPPATH/Views/frontend/retro/template.php')
 7 SYSTEMPATH/View/View.php(216): CodeIgniter\View\View->CodeIgniter\View\{closure}()
 8 SYSTEMPATH/Common.php(1184): CodeIgniter\View\View->render('/frontend/retro/template', [], true)
 9 APPPATH/Controllers/Home.php(63): view('/frontend/retro/template', [...])
10 SYSTEMPATH/CodeIgniter.php(934): App\Controllers\Home->index()
11 SYSTEMPATH/CodeIgniter.php(499): CodeIgniter\CodeIgniter->runController(Object(App\Controllers\Home))
12 SYSTEMPATH/CodeIgniter.php(368): CodeIgniter\CodeIgniter->handleRequest(null, Object(Config\Cache), false)
13 FCPATH/index.php(54): CodeIgniter\CodeIgniter->run()
CRITICAL - 2023-03-30 20:11:05 --> Undefined variable $postData
in APPPATH/Views/backend/admin/pages/reviews.php on line 26.
 1 APPPATH/Views/backend/admin/pages/reviews.php(26): CodeIgniter\Debug\Exceptions->errorHandler(2, 'Undefined variable $postData', 'APPPATH/Views/backend/admin/pages/reviews.php', 26)
 2 SYSTEMPATH/View/View.php(213): include('APPPATH/Views/backend/admin/pages/reviews.php')
 3 SYSTEMPATH/View/View.php(216): CodeIgniter\View\View->CodeIgniter\View\{closure}()
 4 SYSTEMPATH/Common.php(1184): CodeIgniter\View\View->render('backend/admin/pages/reviews', [], true)
 5 APPPATH/Views/backend/admin/template.php(36): view('backend/admin/pages/reviews')
 6 SYSTEMPATH/View/View.php(213): include('APPPATH/Views/backend/admin/template.php')
 7 SYSTEMPATH/View/View.php(216): CodeIgniter\View\View->CodeIgniter\View\{closure}()
 8 SYSTEMPATH/Common.php(1184): CodeIgniter\View\View->render('backend/admin/template', [], true)
 9 APPPATH/Controllers/admin/Reviews.php(20): view('backend/admin/template', [...])
10 SYSTEMPATH/CodeIgniter.php(934): App\Controllers\admin\Reviews->index()
11 SYSTEMPATH/CodeIgniter.php(499): CodeIgniter\CodeIgniter->runController(Object(App\Controllers\admin\Reviews))
12 SYSTEMPATH/CodeIgniter.php(368): CodeIgniter\CodeIgniter->handleRequest(null, Object(Config\Cache), false)
13 FCPATH/index.php(54): CodeIgniter\CodeIgniter->run()
CRITICAL - 2023-03-30 21:25:21 --> Undefined array key "rating"
in APPPATH/Views/backend/user/pages/send_review.php on line 21.
 1 APPPATH/Views/backend/user/pages/send_review.php(21): CodeIgniter\Debug\Exceptions->errorHandler(2, 'Undefined array key "rating"', 'APPPATH/Views/backend/user/pages/send_review.php', 21)
 2 SYSTEMPATH/View/View.php(213): include('APPPATH/Views/backend/user/pages/send_review.php')
 3 SYSTEMPATH/View/View.php(216): CodeIgniter\View\View->CodeIgniter\View\{closure}()
 4 SYSTEMPATH/Common.php(1184): CodeIgniter\View\View->render('backend/user/pages/send_review', [], true)
 5 APPPATH/Views/backend/user/template.php(29): view('backend/user/pages/send_review')
 6 SYSTEMPATH/View/View.php(213): include('APPPATH/Views/backend/user/template.php')
 7 SYSTEMPATH/View/View.php(216): CodeIgniter\View\View->CodeIgniter\View\{closure}()
 8 SYSTEMPATH/Common.php(1184): CodeIgniter\View\View->render('backend/user/template', [], true)
 9 APPPATH/Controllers/user/Reviews.php(22): view('backend/user/template', [...])
10 SYSTEMPATH/CodeIgniter.php(934): App\Controllers\user\Reviews->index()
11 SYSTEMPATH/CodeIgniter.php(499): CodeIgniter\CodeIgniter->runController(Object(App\Controllers\user\Reviews))
12 SYSTEMPATH/CodeIgniter.php(368): CodeIgniter\CodeIgniter->handleRequest(null, Object(Config\Cache), false)
13 FCPATH/index.php(54): CodeIgniter\CodeIgniter->run()
CRITICAL - 2023-03-30 21:25:23 --> Undefined array key "rating"
in APPPATH/Views/backend/user/pages/send_review.php on line 21.
 1 APPPATH/Views/backend/user/pages/send_review.php(21): CodeIgniter\Debug\Exceptions->errorHandler(2, 'Undefined array key "rating"', 'APPPATH/Views/backend/user/pages/send_review.php', 21)
 2 SYSTEMPATH/View/View.php(213): include('APPPATH/Views/backend/user/pages/send_review.php')
 3 SYSTEMPATH/View/View.php(216): CodeIgniter\View\View->CodeIgniter\View\{closure}()
 4 SYSTEMPATH/Common.php(1184): CodeIgniter\View\View->render('backend/user/pages/send_review', [], true)
 5 APPPATH/Views/backend/user/template.php(29): view('backend/user/pages/send_review')
 6 SYSTEMPATH/View/View.php(213): include('APPPATH/Views/backend/user/template.php')
 7 SYSTEMPATH/View/View.php(216): CodeIgniter\View\View->CodeIgniter\View\{closure}()
 8 SYSTEMPATH/Common.php(1184): CodeIgniter\View\View->render('backend/user/template', [], true)
 9 APPPATH/Controllers/user/Reviews.php(22): view('backend/user/template', [...])
10 SYSTEMPATH/CodeIgniter.php(934): App\Controllers\user\Reviews->index()
11 SYSTEMPATH/CodeIgniter.php(499): CodeIgniter\CodeIgniter->runController(Object(App\Controllers\user\Reviews))
12 SYSTEMPATH/CodeIgniter.php(368): CodeIgniter\CodeIgniter->handleRequest(null, Object(Config\Cache), false)
13 FCPATH/index.php(54): CodeIgniter\CodeIgniter->run()
CRITICAL - 2023-03-30 21:25:43 --> Undefined array key "rating"
in APPPATH/Views/backend/user/pages/send_review.php on line 21.
 1 APPPATH/Views/backend/user/pages/send_review.php(21): CodeIgniter\Debug\Exceptions->errorHandler(2, 'Undefined array key "rating"', 'APPPATH/Views/backend/user/pages/send_review.php', 21)
 2 SYSTEMPATH/View/View.php(213): include('APPPATH/Views/backend/user/pages/send_review.php')
 3 SYSTEMPATH/View/View.php(216): CodeIgniter\View\View->CodeIgniter\View\{closure}()
 4 SYSTEMPATH/Common.php(1184): CodeIgniter\View\View->render('backend/user/pages/send_review', [], true)
 5 APPPATH/Views/backend/user/template.php(29): view('backend/user/pages/send_review')
 6 SYSTEMPATH/View/View.php(213): include('APPPATH/Views/backend/user/template.php')
 7 SYSTEMPATH/View/View.php(216): CodeIgniter\View\View->CodeIgniter\View\{closure}()
 8 SYSTEMPATH/Common.php(1184): CodeIgniter\View\View->render('backend/user/template', [], true)
 9 APPPATH/Controllers/user/Reviews.php(22): view('backend/user/template', [...])
10 SYSTEMPATH/CodeIgniter.php(934): App\Controllers\user\Reviews->index()
11 SYSTEMPATH/CodeIgniter.php(499): CodeIgniter\CodeIgniter->runController(Object(App\Controllers\user\Reviews))
12 SYSTEMPATH/CodeIgniter.php(368): CodeIgniter\CodeIgniter->handleRequest(null, Object(Config\Cache), false)
13 FCPATH/index.php(54): CodeIgniter\CodeIgniter->run()
