CRITICAL - 2023-03-25 01:01:31 --> The action you requested is not allowed.
in SYSTEMPATH/Security/Security.php on line 306.
 1 SYSTEMPATH/Security/Security.php(306): CodeIgniter\Security\Exceptions\SecurityException::forDisallowedAction()
 2 SYSTEMPATH/Filters/CSRF.php(55): CodeIgniter\Security\Security->verify(Object(CodeIgniter\HTTP\IncomingRequest))
 3 SYSTEMPATH/Filters/Filters.php(173): CodeIgniter\Filters\CSRF->before(Object(CodeIgniter\HTTP\IncomingRequest), null)
 4 SYSTEMPATH/CodeIgniter.php(473): CodeIgniter\Filters\Filters->run('/admin/blogs/add-blog', 'before')
 5 SYSTEMPATH/CodeIgniter.php(368): CodeIgniter\CodeIgniter->handleRequest(null, Object(Config\Cache), false)
 6 FCPATH/index.php(54): CodeIgniter\CodeIgniter->run()
CRITICAL - 2023-03-25 01:01:32 --> The action you requested is not allowed.
in SYSTEMPATH/Security/Security.php on line 306.
 1 SYSTEMPATH/Security/Security.php(306): CodeIgniter\Security\Exceptions\SecurityException::forDisallowedAction()
 2 SYSTEMPATH/Filters/CSRF.php(55): CodeIgniter\Security\Security->verify(Object(CodeIgniter\HTTP\IncomingRequest))
 3 SYSTEMPATH/Filters/Filters.php(173): CodeIgniter\Filters\CSRF->before(Object(CodeIgniter\HTTP\IncomingRequest), null)
 4 SYSTEMPATH/CodeIgniter.php(473): CodeIgniter\Filters\Filters->run('/admin/blogs/add-blog', 'before')
 5 SYSTEMPATH/CodeIgniter.php(368): CodeIgniter\CodeIgniter->handleRequest(null, Object(Config\Cache), false)
 6 FCPATH/index.php(54): CodeIgniter\CodeIgniter->run()
CRITICAL - 2023-03-25 01:01:32 --> The action you requested is not allowed.
in SYSTEMPATH/Security/Security.php on line 306.
 1 SYSTEMPATH/Security/Security.php(306): CodeIgniter\Security\Exceptions\SecurityException::forDisallowedAction()
 2 SYSTEMPATH/Filters/CSRF.php(55): CodeIgniter\Security\Security->verify(Object(CodeIgniter\HTTP\IncomingRequest))
 3 SYSTEMPATH/Filters/Filters.php(173): CodeIgniter\Filters\CSRF->before(Object(CodeIgniter\HTTP\IncomingRequest), null)
 4 SYSTEMPATH/CodeIgniter.php(473): CodeIgniter\Filters\Filters->run('/admin/blogs/add-blog', 'before')
 5 SYSTEMPATH/CodeIgniter.php(368): CodeIgniter\CodeIgniter->handleRequest(null, Object(Config\Cache), false)
 6 FCPATH/index.php(54): CodeIgniter\CodeIgniter->run()
CRITICAL - 2023-03-25 01:01:33 --> The action you requested is not allowed.
in SYSTEMPATH/Security/Security.php on line 306.
 1 SYSTEMPATH/Security/Security.php(306): CodeIgniter\Security\Exceptions\SecurityException::forDisallowedAction()
 2 SYSTEMPATH/Filters/CSRF.php(55): CodeIgniter\Security\Security->verify(Object(CodeIgniter\HTTP\IncomingRequest))
 3 SYSTEMPATH/Filters/Filters.php(173): CodeIgniter\Filters\CSRF->before(Object(CodeIgniter\HTTP\IncomingRequest), null)
 4 SYSTEMPATH/CodeIgniter.php(473): CodeIgniter\Filters\Filters->run('/admin/blogs/add-blog', 'before')
 5 SYSTEMPATH/CodeIgniter.php(368): CodeIgniter\CodeIgniter->handleRequest(null, Object(Config\Cache), false)
 6 FCPATH/index.php(54): CodeIgniter\CodeIgniter->run()
CRITICAL - 2023-03-25 01:47:27 --> The action you requested is not allowed.
in SYSTEMPATH/Security/Security.php on line 306.
 1 SYSTEMPATH/Security/Security.php(306): CodeIgniter\Security\Exceptions\SecurityException::forDisallowedAction()
 2 SYSTEMPATH/Filters/CSRF.php(55): CodeIgniter\Security\Security->verify(Object(CodeIgniter\HTTP\IncomingRequest))
 3 SYSTEMPATH/Filters/Filters.php(173): CodeIgniter\Filters\CSRF->before(Object(CodeIgniter\HTTP\IncomingRequest), null)
 4 SYSTEMPATH/CodeIgniter.php(473): CodeIgniter\Filters\Filters->run('/admin/blogs/add-blog', 'before')
 5 SYSTEMPATH/CodeIgniter.php(368): CodeIgniter\CodeIgniter->handleRequest(null, Object(Config\Cache), false)
 6 FCPATH/index.php(54): CodeIgniter\CodeIgniter->run()
CRITICAL - 2023-03-25 00:25:57 --> Array to string conversion
in APPPATH/Views/backend/admin/pages/update_blog.php on line 28.
 1 APPPATH/Views/backend/admin/pages/update_blog.php(28): CodeIgniter\Debug\Exceptions->errorHandler(2, 'Array to string conversion', 'APPPATH/Views/backend/admin/pages/update_blog.php', 28)
 2 SYSTEMPATH/View/View.php(213): include('APPPATH/Views/backend/admin/pages/update_blog.php')
 3 SYSTEMPATH/View/View.php(216): CodeIgniter\View\View->CodeIgniter\View\{closure}()
 4 SYSTEMPATH/Common.php(1184): CodeIgniter\View\View->render('backend/admin/pages/update_blog', [], true)
 5 APPPATH/Views/backend/admin/template.php(36): view('backend/admin/pages/update_blog')
 6 SYSTEMPATH/View/View.php(213): include('APPPATH/Views/backend/admin/template.php')
 7 SYSTEMPATH/View/View.php(216): CodeIgniter\View\View->CodeIgniter\View\{closure}()
 8 SYSTEMPATH/Common.php(1184): CodeIgniter\View\View->render('backend/admin/template', [], true)
 9 APPPATH/Controllers/admin/Blogs.php(140): view('backend/admin/template', [...])
10 SYSTEMPATH/CodeIgniter.php(934): App\Controllers\admin\Blogs->edit('3')
11 SYSTEMPATH/CodeIgniter.php(499): CodeIgniter\CodeIgniter->runController(Object(App\Controllers\admin\Blogs))
12 SYSTEMPATH/CodeIgniter.php(368): CodeIgniter\CodeIgniter->handleRequest(null, Object(Config\Cache), false)
13 FCPATH/index.php(54): CodeIgniter\CodeIgniter->run()
CRITICAL - 2023-03-25 00:26:14 --> Undefined array key "title"
in APPPATH/Views/backend/admin/pages/update_blog.php on line 28.
 1 APPPATH/Views/backend/admin/pages/update_blog.php(28): CodeIgniter\Debug\Exceptions->errorHandler(2, 'Undefined array key "title"', 'APPPATH/Views/backend/admin/pages/update_blog.php', 28)
 2 SYSTEMPATH/View/View.php(213): include('APPPATH/Views/backend/admin/pages/update_blog.php')
 3 SYSTEMPATH/View/View.php(216): CodeIgniter\View\View->CodeIgniter\View\{closure}()
 4 SYSTEMPATH/Common.php(1184): CodeIgniter\View\View->render('backend/admin/pages/update_blog', [], true)
 5 APPPATH/Views/backend/admin/template.php(36): view('backend/admin/pages/update_blog')
 6 SYSTEMPATH/View/View.php(213): include('APPPATH/Views/backend/admin/template.php')
 7 SYSTEMPATH/View/View.php(216): CodeIgniter\View\View->CodeIgniter\View\{closure}()
 8 SYSTEMPATH/Common.php(1184): CodeIgniter\View\View->render('backend/admin/template', [], true)
 9 APPPATH/Controllers/admin/Blogs.php(140): view('backend/admin/template', [...])
10 SYSTEMPATH/CodeIgniter.php(934): App\Controllers\admin\Blogs->edit('2')
11 SYSTEMPATH/CodeIgniter.php(499): CodeIgniter\CodeIgniter->runController(Object(App\Controllers\admin\Blogs))
12 SYSTEMPATH/CodeIgniter.php(368): CodeIgniter\CodeIgniter->handleRequest(null, Object(Config\Cache), false)
13 FCPATH/index.php(54): CodeIgniter\CodeIgniter->run()
CRITICAL - 2023-03-25 00:27:03 --> Undefined array key "title"
in APPPATH/Views/backend/admin/pages/update_blog.php on line 28.
 1 APPPATH/Views/backend/admin/pages/update_blog.php(28): CodeIgniter\Debug\Exceptions->errorHandler(2, 'Undefined array key "title"', 'APPPATH/Views/backend/admin/pages/update_blog.php', 28)
 2 SYSTEMPATH/View/View.php(213): include('APPPATH/Views/backend/admin/pages/update_blog.php')
 3 SYSTEMPATH/View/View.php(216): CodeIgniter\View\View->CodeIgniter\View\{closure}()
 4 SYSTEMPATH/Common.php(1184): CodeIgniter\View\View->render('backend/admin/pages/update_blog', [], true)
 5 APPPATH/Views/backend/admin/template.php(36): view('backend/admin/pages/update_blog')
 6 SYSTEMPATH/View/View.php(213): include('APPPATH/Views/backend/admin/template.php')
 7 SYSTEMPATH/View/View.php(216): CodeIgniter\View\View->CodeIgniter\View\{closure}()
 8 SYSTEMPATH/Common.php(1184): CodeIgniter\View\View->render('backend/admin/template', [], true)
 9 APPPATH/Controllers/admin/Blogs.php(141): view('backend/admin/template', [...])
10 SYSTEMPATH/CodeIgniter.php(934): App\Controllers\admin\Blogs->edit('2')
11 SYSTEMPATH/CodeIgniter.php(499): CodeIgniter\CodeIgniter->runController(Object(App\Controllers\admin\Blogs))
12 SYSTEMPATH/CodeIgniter.php(368): CodeIgniter\CodeIgniter->handleRequest(null, Object(Config\Cache), false)
13 FCPATH/index.php(54): CodeIgniter\CodeIgniter->run()
CRITICAL - 2023-03-25 00:27:04 --> Undefined array key "title"
in APPPATH/Views/backend/admin/pages/update_blog.php on line 28.
 1 APPPATH/Views/backend/admin/pages/update_blog.php(28): CodeIgniter\Debug\Exceptions->errorHandler(2, 'Undefined array key "title"', 'APPPATH/Views/backend/admin/pages/update_blog.php', 28)
 2 SYSTEMPATH/View/View.php(213): include('APPPATH/Views/backend/admin/pages/update_blog.php')
 3 SYSTEMPATH/View/View.php(216): CodeIgniter\View\View->CodeIgniter\View\{closure}()
 4 SYSTEMPATH/Common.php(1184): CodeIgniter\View\View->render('backend/admin/pages/update_blog', [], true)
 5 APPPATH/Views/backend/admin/template.php(36): view('backend/admin/pages/update_blog')
 6 SYSTEMPATH/View/View.php(213): include('APPPATH/Views/backend/admin/template.php')
 7 SYSTEMPATH/View/View.php(216): CodeIgniter\View\View->CodeIgniter\View\{closure}()
 8 SYSTEMPATH/Common.php(1184): CodeIgniter\View\View->render('backend/admin/template', [], true)
 9 APPPATH/Controllers/admin/Blogs.php(141): view('backend/admin/template', [...])
10 SYSTEMPATH/CodeIgniter.php(934): App\Controllers\admin\Blogs->edit('2')
11 SYSTEMPATH/CodeIgniter.php(499): CodeIgniter\CodeIgniter->runController(Object(App\Controllers\admin\Blogs))
12 SYSTEMPATH/CodeIgniter.php(368): CodeIgniter\CodeIgniter->handleRequest(null, Object(Config\Cache), false)
13 FCPATH/index.php(54): CodeIgniter\CodeIgniter->run()
CRITICAL - 2023-03-25 00:27:04 --> Undefined array key "title"
in APPPATH/Views/backend/admin/pages/update_blog.php on line 28.
 1 APPPATH/Views/backend/admin/pages/update_blog.php(28): CodeIgniter\Debug\Exceptions->errorHandler(2, 'Undefined array key "title"', 'APPPATH/Views/backend/admin/pages/update_blog.php', 28)
 2 SYSTEMPATH/View/View.php(213): include('APPPATH/Views/backend/admin/pages/update_blog.php')
 3 SYSTEMPATH/View/View.php(216): CodeIgniter\View\View->CodeIgniter\View\{closure}()
 4 SYSTEMPATH/Common.php(1184): CodeIgniter\View\View->render('backend/admin/pages/update_blog', [], true)
 5 APPPATH/Views/backend/admin/template.php(36): view('backend/admin/pages/update_blog')
 6 SYSTEMPATH/View/View.php(213): include('APPPATH/Views/backend/admin/template.php')
 7 SYSTEMPATH/View/View.php(216): CodeIgniter\View\View->CodeIgniter\View\{closure}()
 8 SYSTEMPATH/Common.php(1184): CodeIgniter\View\View->render('backend/admin/template', [], true)
 9 APPPATH/Controllers/admin/Blogs.php(141): view('backend/admin/template', [...])
10 SYSTEMPATH/CodeIgniter.php(934): App\Controllers\admin\Blogs->edit('2')
11 SYSTEMPATH/CodeIgniter.php(499): CodeIgniter\CodeIgniter->runController(Object(App\Controllers\admin\Blogs))
12 SYSTEMPATH/CodeIgniter.php(368): CodeIgniter\CodeIgniter->handleRequest(null, Object(Config\Cache), false)
13 FCPATH/index.php(54): CodeIgniter\CodeIgniter->run()
CRITICAL - 2023-03-25 00:27:04 --> Undefined array key "title"
in APPPATH/Views/backend/admin/pages/update_blog.php on line 28.
 1 APPPATH/Views/backend/admin/pages/update_blog.php(28): CodeIgniter\Debug\Exceptions->errorHandler(2, 'Undefined array key "title"', 'APPPATH/Views/backend/admin/pages/update_blog.php', 28)
 2 SYSTEMPATH/View/View.php(213): include('APPPATH/Views/backend/admin/pages/update_blog.php')
 3 SYSTEMPATH/View/View.php(216): CodeIgniter\View\View->CodeIgniter\View\{closure}()
 4 SYSTEMPATH/Common.php(1184): CodeIgniter\View\View->render('backend/admin/pages/update_blog', [], true)
 5 APPPATH/Views/backend/admin/template.php(36): view('backend/admin/pages/update_blog')
 6 SYSTEMPATH/View/View.php(213): include('APPPATH/Views/backend/admin/template.php')
 7 SYSTEMPATH/View/View.php(216): CodeIgniter\View\View->CodeIgniter\View\{closure}()
 8 SYSTEMPATH/Common.php(1184): CodeIgniter\View\View->render('backend/admin/template', [], true)
 9 APPPATH/Controllers/admin/Blogs.php(141): view('backend/admin/template', [...])
10 SYSTEMPATH/CodeIgniter.php(934): App\Controllers\admin\Blogs->edit('2')
11 SYSTEMPATH/CodeIgniter.php(499): CodeIgniter\CodeIgniter->runController(Object(App\Controllers\admin\Blogs))
12 SYSTEMPATH/CodeIgniter.php(368): CodeIgniter\CodeIgniter->handleRequest(null, Object(Config\Cache), false)
13 FCPATH/index.php(54): CodeIgniter\CodeIgniter->run()
CRITICAL - 2023-03-25 00:27:04 --> Undefined array key "title"
in APPPATH/Views/backend/admin/pages/update_blog.php on line 28.
 1 APPPATH/Views/backend/admin/pages/update_blog.php(28): CodeIgniter\Debug\Exceptions->errorHandler(2, 'Undefined array key "title"', 'APPPATH/Views/backend/admin/pages/update_blog.php', 28)
 2 SYSTEMPATH/View/View.php(213): include('APPPATH/Views/backend/admin/pages/update_blog.php')
 3 SYSTEMPATH/View/View.php(216): CodeIgniter\View\View->CodeIgniter\View\{closure}()
 4 SYSTEMPATH/Common.php(1184): CodeIgniter\View\View->render('backend/admin/pages/update_blog', [], true)
 5 APPPATH/Views/backend/admin/template.php(36): view('backend/admin/pages/update_blog')
 6 SYSTEMPATH/View/View.php(213): include('APPPATH/Views/backend/admin/template.php')
 7 SYSTEMPATH/View/View.php(216): CodeIgniter\View\View->CodeIgniter\View\{closure}()
 8 SYSTEMPATH/Common.php(1184): CodeIgniter\View\View->render('backend/admin/template', [], true)
 9 APPPATH/Controllers/admin/Blogs.php(141): view('backend/admin/template', [...])
10 SYSTEMPATH/CodeIgniter.php(934): App\Controllers\admin\Blogs->edit('2')
11 SYSTEMPATH/CodeIgniter.php(499): CodeIgniter\CodeIgniter->runController(Object(App\Controllers\admin\Blogs))
12 SYSTEMPATH/CodeIgniter.php(368): CodeIgniter\CodeIgniter->handleRequest(null, Object(Config\Cache), false)
13 FCPATH/index.php(54): CodeIgniter\CodeIgniter->run()
CRITICAL - 2023-03-25 00:27:59 --> Undefined array key "title"
in APPPATH/Views/backend/admin/pages/update_blog.php on line 28.
 1 APPPATH/Views/backend/admin/pages/update_blog.php(28): CodeIgniter\Debug\Exceptions->errorHandler(2, 'Undefined array key "title"', 'APPPATH/Views/backend/admin/pages/update_blog.php', 28)
 2 SYSTEMPATH/View/View.php(213): include('APPPATH/Views/backend/admin/pages/update_blog.php')
 3 SYSTEMPATH/View/View.php(216): CodeIgniter\View\View->CodeIgniter\View\{closure}()
 4 SYSTEMPATH/Common.php(1184): CodeIgniter\View\View->render('backend/admin/pages/update_blog', [], true)
 5 APPPATH/Views/backend/admin/template.php(36): view('backend/admin/pages/update_blog')
 6 SYSTEMPATH/View/View.php(213): include('APPPATH/Views/backend/admin/template.php')
 7 SYSTEMPATH/View/View.php(216): CodeIgniter\View\View->CodeIgniter\View\{closure}()
 8 SYSTEMPATH/Common.php(1184): CodeIgniter\View\View->render('backend/admin/template', [], true)
 9 APPPATH/Controllers/admin/Blogs.php(141): view('backend/admin/template', [...])
10 SYSTEMPATH/CodeIgniter.php(934): App\Controllers\admin\Blogs->edit('2')
11 SYSTEMPATH/CodeIgniter.php(499): CodeIgniter\CodeIgniter->runController(Object(App\Controllers\admin\Blogs))
12 SYSTEMPATH/CodeIgniter.php(368): CodeIgniter\CodeIgniter->handleRequest(null, Object(Config\Cache), false)
13 FCPATH/index.php(54): CodeIgniter\CodeIgniter->run()
CRITICAL - 2023-03-25 00:28:04 --> Undefined array key "title"
in APPPATH/Views/backend/admin/pages/update_blog.php on line 28.
 1 APPPATH/Views/backend/admin/pages/update_blog.php(28): CodeIgniter\Debug\Exceptions->errorHandler(2, 'Undefined array key "title"', 'APPPATH/Views/backend/admin/pages/update_blog.php', 28)
 2 SYSTEMPATH/View/View.php(213): include('APPPATH/Views/backend/admin/pages/update_blog.php')
 3 SYSTEMPATH/View/View.php(216): CodeIgniter\View\View->CodeIgniter\View\{closure}()
 4 SYSTEMPATH/Common.php(1184): CodeIgniter\View\View->render('backend/admin/pages/update_blog', [], true)
 5 APPPATH/Views/backend/admin/template.php(36): view('backend/admin/pages/update_blog')
 6 SYSTEMPATH/View/View.php(213): include('APPPATH/Views/backend/admin/template.php')
 7 SYSTEMPATH/View/View.php(216): CodeIgniter\View\View->CodeIgniter\View\{closure}()
 8 SYSTEMPATH/Common.php(1184): CodeIgniter\View\View->render('backend/admin/template', [], true)
 9 APPPATH/Controllers/admin/Blogs.php(141): view('backend/admin/template', [...])
10 SYSTEMPATH/CodeIgniter.php(934): App\Controllers\admin\Blogs->edit('2')
11 SYSTEMPATH/CodeIgniter.php(499): CodeIgniter\CodeIgniter->runController(Object(App\Controllers\admin\Blogs))
12 SYSTEMPATH/CodeIgniter.php(368): CodeIgniter\CodeIgniter->handleRequest(null, Object(Config\Cache), false)
13 FCPATH/index.php(54): CodeIgniter\CodeIgniter->run()
CRITICAL - 2023-03-25 00:31:19 --> Undefined variable $id
in APPPATH/Views/backend/admin/pages/update_blog.php on line 27.
 1 APPPATH/Views/backend/admin/pages/update_blog.php(27): CodeIgniter\Debug\Exceptions->errorHandler(2, 'Undefined variable $id', 'APPPATH/Views/backend/admin/pages/update_blog.php', 27)
 2 SYSTEMPATH/View/View.php(213): include('APPPATH/Views/backend/admin/pages/update_blog.php')
 3 SYSTEMPATH/View/View.php(216): CodeIgniter\View\View->CodeIgniter\View\{closure}()
 4 SYSTEMPATH/Common.php(1184): CodeIgniter\View\View->render('backend/admin/pages/update_blog', [], true)
 5 APPPATH/Views/backend/admin/template.php(36): view('backend/admin/pages/update_blog')
 6 SYSTEMPATH/View/View.php(213): include('APPPATH/Views/backend/admin/template.php')
 7 SYSTEMPATH/View/View.php(216): CodeIgniter\View\View->CodeIgniter\View\{closure}()
 8 SYSTEMPATH/Common.php(1184): CodeIgniter\View\View->render('backend/admin/template', [], true)
 9 APPPATH/Controllers/admin/Blogs.php(140): view('backend/admin/template', [...])
10 SYSTEMPATH/CodeIgniter.php(934): App\Controllers\admin\Blogs->edit()
11 SYSTEMPATH/CodeIgniter.php(499): CodeIgniter\CodeIgniter->runController(Object(App\Controllers\admin\Blogs))
12 SYSTEMPATH/CodeIgniter.php(368): CodeIgniter\CodeIgniter->handleRequest(null, Object(Config\Cache), false)
13 FCPATH/index.php(54): CodeIgniter\CodeIgniter->run()
CRITICAL - 2023-03-25 00:35:11 --> Array to string conversion
in APPPATH/Controllers/admin/Blogs.php on line 140.
 1 APPPATH/Controllers/admin/Blogs.php(140): CodeIgniter\Debug\Exceptions->errorHandler(2, 'Array to string conversion', 'APPPATH/Controllers/admin/Blogs.php', 140)
 2 SYSTEMPATH/CodeIgniter.php(934): App\Controllers\admin\Blogs->edit('1')
 3 SYSTEMPATH/CodeIgniter.php(499): CodeIgniter\CodeIgniter->runController(Object(App\Controllers\admin\Blogs))
 4 SYSTEMPATH/CodeIgniter.php(368): CodeIgniter\CodeIgniter->handleRequest(null, Object(Config\Cache), false)
 5 FCPATH/index.php(54): CodeIgniter\CodeIgniter->run()
CRITICAL - 2023-03-25 00:36:36 --> Undefined array key "title"
in APPPATH/Controllers/admin/Blogs.php on line 140.
 1 APPPATH/Controllers/admin/Blogs.php(140): CodeIgniter\Debug\Exceptions->errorHandler(2, 'Undefined array key "title"', 'APPPATH/Controllers/admin/Blogs.php', 140)
 2 SYSTEMPATH/CodeIgniter.php(934): App\Controllers\admin\Blogs->edit('1')
 3 SYSTEMPATH/CodeIgniter.php(499): CodeIgniter\CodeIgniter->runController(Object(App\Controllers\admin\Blogs))
 4 SYSTEMPATH/CodeIgniter.php(368): CodeIgniter\CodeIgniter->handleRequest(null, Object(Config\Cache), false)
 5 FCPATH/index.php(54): CodeIgniter\CodeIgniter->run()
CRITICAL - 2023-03-25 00:40:40 --> Undefined variable $value
in APPPATH/Views/backend/admin/pages/update_blog.php on line 28.
 1 APPPATH/Views/backend/admin/pages/update_blog.php(28): CodeIgniter\Debug\Exceptions->errorHandler(2, 'Undefined variable $value', 'APPPATH/Views/backend/admin/pages/update_blog.php', 28)
 2 SYSTEMPATH/View/View.php(213): include('APPPATH/Views/backend/admin/pages/update_blog.php')
 3 SYSTEMPATH/View/View.php(216): CodeIgniter\View\View->CodeIgniter\View\{closure}()
 4 SYSTEMPATH/Common.php(1184): CodeIgniter\View\View->render('backend/admin/pages/update_blog', [], true)
 5 APPPATH/Views/backend/admin/template.php(36): view('backend/admin/pages/update_blog')
 6 SYSTEMPATH/View/View.php(213): include('APPPATH/Views/backend/admin/template.php')
 7 SYSTEMPATH/View/View.php(216): CodeIgniter\View\View->CodeIgniter\View\{closure}()
 8 SYSTEMPATH/Common.php(1184): CodeIgniter\View\View->render('backend/admin/template', [], true)
 9 APPPATH/Controllers/admin/Blogs.php(144): view('backend/admin/template', [...])
10 SYSTEMPATH/CodeIgniter.php(934): App\Controllers\admin\Blogs->edit('1')
11 SYSTEMPATH/CodeIgniter.php(499): CodeIgniter\CodeIgniter->runController(Object(App\Controllers\admin\Blogs))
12 SYSTEMPATH/CodeIgniter.php(368): CodeIgniter\CodeIgniter->handleRequest(null, Object(Config\Cache), false)
13 FCPATH/index.php(54): CodeIgniter\CodeIgniter->run()
CRITICAL - 2023-03-25 00:42:37 --> Undefined variable $news
in APPPATH/Views/backend/admin/pages/update_blog.php on line 28.
 1 APPPATH/Views/backend/admin/pages/update_blog.php(28): CodeIgniter\Debug\Exceptions->errorHandler(2, 'Undefined variable $news', 'APPPATH/Views/backend/admin/pages/update_blog.php', 28)
 2 SYSTEMPATH/View/View.php(213): include('APPPATH/Views/backend/admin/pages/update_blog.php')
 3 SYSTEMPATH/View/View.php(216): CodeIgniter\View\View->CodeIgniter\View\{closure}()
 4 SYSTEMPATH/Common.php(1184): CodeIgniter\View\View->render('backend/admin/pages/update_blog', [], true)
 5 APPPATH/Views/backend/admin/template.php(36): view('backend/admin/pages/update_blog')
 6 SYSTEMPATH/View/View.php(213): include('APPPATH/Views/backend/admin/template.php')
 7 SYSTEMPATH/View/View.php(216): CodeIgniter\View\View->CodeIgniter\View\{closure}()
 8 SYSTEMPATH/Common.php(1184): CodeIgniter\View\View->render('backend/admin/template', [], true)
 9 APPPATH/Controllers/admin/Blogs.php(144): view('backend/admin/template', [...])
10 SYSTEMPATH/CodeIgniter.php(934): App\Controllers\admin\Blogs->edit('1')
11 SYSTEMPATH/CodeIgniter.php(499): CodeIgniter\CodeIgniter->runController(Object(App\Controllers\admin\Blogs))
12 SYSTEMPATH/CodeIgniter.php(368): CodeIgniter\CodeIgniter->handleRequest(null, Object(Config\Cache), false)
13 FCPATH/index.php(54): CodeIgniter\CodeIgniter->run()
CRITICAL - 2023-03-25 00:52:51 --> Cannot access offset of type string on string
in APPPATH/Views/backend/admin/pages/update_blog.php on line 29.
 1 SYSTEMPATH/View/View.php(213): include()
 2 SYSTEMPATH/View/View.php(216): CodeIgniter\View\View->CodeIgniter\View\{closure}()
 3 SYSTEMPATH/Common.php(1184): CodeIgniter\View\View->render('backend/admin/pages/update_blog', [], true)
 4 APPPATH/Views/backend/admin/template.php(36): view('backend/admin/pages/update_blog')
 5 SYSTEMPATH/View/View.php(213): include('APPPATH/Views/backend/admin/template.php')
 6 SYSTEMPATH/View/View.php(216): CodeIgniter\View\View->CodeIgniter\View\{closure}()
 7 SYSTEMPATH/Common.php(1184): CodeIgniter\View\View->render('backend/admin/template', [], true)
 8 APPPATH/Controllers/admin/Blogs.php(144): view('backend/admin/template', [...])
 9 SYSTEMPATH/CodeIgniter.php(934): App\Controllers\admin\Blogs->edit('1')
10 SYSTEMPATH/CodeIgniter.php(499): CodeIgniter\CodeIgniter->runController(Object(App\Controllers\admin\Blogs))
11 SYSTEMPATH/CodeIgniter.php(368): CodeIgniter\CodeIgniter->handleRequest(null, Object(Config\Cache), false)
12 FCPATH/index.php(54): CodeIgniter\CodeIgniter->run()
CRITICAL - 2023-03-25 00:52:52 --> Cannot access offset of type string on string
in APPPATH/Views/backend/admin/pages/update_blog.php on line 29.
 1 SYSTEMPATH/View/View.php(213): include()
 2 SYSTEMPATH/View/View.php(216): CodeIgniter\View\View->CodeIgniter\View\{closure}()
 3 SYSTEMPATH/Common.php(1184): CodeIgniter\View\View->render('backend/admin/pages/update_blog', [], true)
 4 APPPATH/Views/backend/admin/template.php(36): view('backend/admin/pages/update_blog')
 5 SYSTEMPATH/View/View.php(213): include('APPPATH/Views/backend/admin/template.php')
 6 SYSTEMPATH/View/View.php(216): CodeIgniter\View\View->CodeIgniter\View\{closure}()
 7 SYSTEMPATH/Common.php(1184): CodeIgniter\View\View->render('backend/admin/template', [], true)
 8 APPPATH/Controllers/admin/Blogs.php(144): view('backend/admin/template', [...])
 9 SYSTEMPATH/CodeIgniter.php(934): App\Controllers\admin\Blogs->edit('1')
10 SYSTEMPATH/CodeIgniter.php(499): CodeIgniter\CodeIgniter->runController(Object(App\Controllers\admin\Blogs))
11 SYSTEMPATH/CodeIgniter.php(368): CodeIgniter\CodeIgniter->handleRequest(null, Object(Config\Cache), false)
12 FCPATH/index.php(54): CodeIgniter\CodeIgniter->run()
CRITICAL - 2023-03-25 00:52:52 --> Cannot access offset of type string on string
in APPPATH/Views/backend/admin/pages/update_blog.php on line 29.
 1 SYSTEMPATH/View/View.php(213): include()
 2 SYSTEMPATH/View/View.php(216): CodeIgniter\View\View->CodeIgniter\View\{closure}()
 3 SYSTEMPATH/Common.php(1184): CodeIgniter\View\View->render('backend/admin/pages/update_blog', [], true)
 4 APPPATH/Views/backend/admin/template.php(36): view('backend/admin/pages/update_blog')
 5 SYSTEMPATH/View/View.php(213): include('APPPATH/Views/backend/admin/template.php')
 6 SYSTEMPATH/View/View.php(216): CodeIgniter\View\View->CodeIgniter\View\{closure}()
 7 SYSTEMPATH/Common.php(1184): CodeIgniter\View\View->render('backend/admin/template', [], true)
 8 APPPATH/Controllers/admin/Blogs.php(144): view('backend/admin/template', [...])
 9 SYSTEMPATH/CodeIgniter.php(934): App\Controllers\admin\Blogs->edit('1')
10 SYSTEMPATH/CodeIgniter.php(499): CodeIgniter\CodeIgniter->runController(Object(App\Controllers\admin\Blogs))
11 SYSTEMPATH/CodeIgniter.php(368): CodeIgniter\CodeIgniter->handleRequest(null, Object(Config\Cache), false)
12 FCPATH/index.php(54): CodeIgniter\CodeIgniter->run()
CRITICAL - 2023-03-25 00:53:33 --> Cannot access offset of type string on string
in APPPATH/Views/backend/admin/pages/update_blog.php on line 29.
 1 SYSTEMPATH/View/View.php(213): include()
 2 SYSTEMPATH/View/View.php(216): CodeIgniter\View\View->CodeIgniter\View\{closure}()
 3 SYSTEMPATH/Common.php(1184): CodeIgniter\View\View->render('backend/admin/pages/update_blog', [], true)
 4 APPPATH/Views/backend/admin/template.php(36): view('backend/admin/pages/update_blog')
 5 SYSTEMPATH/View/View.php(213): include('APPPATH/Views/backend/admin/template.php')
 6 SYSTEMPATH/View/View.php(216): CodeIgniter\View\View->CodeIgniter\View\{closure}()
 7 SYSTEMPATH/Common.php(1184): CodeIgniter\View\View->render('backend/admin/template', [], true)
 8 APPPATH/Controllers/admin/Blogs.php(144): view('backend/admin/template', [...])
 9 SYSTEMPATH/CodeIgniter.php(934): App\Controllers\admin\Blogs->edit('1')
10 SYSTEMPATH/CodeIgniter.php(499): CodeIgniter\CodeIgniter->runController(Object(App\Controllers\admin\Blogs))
11 SYSTEMPATH/CodeIgniter.php(368): CodeIgniter\CodeIgniter->handleRequest(null, Object(Config\Cache), false)
12 FCPATH/index.php(54): CodeIgniter\CodeIgniter->run()
CRITICAL - 2023-03-25 00:58:30 --> Undefined variable $id
in APPPATH/Views/backend/admin/pages/update_blog.php on line 27.
 1 APPPATH/Views/backend/admin/pages/update_blog.php(27): CodeIgniter\Debug\Exceptions->errorHandler(2, 'Undefined variable $id', 'APPPATH/Views/backend/admin/pages/update_blog.php', 27)
 2 SYSTEMPATH/View/View.php(213): include('APPPATH/Views/backend/admin/pages/update_blog.php')
 3 SYSTEMPATH/View/View.php(216): CodeIgniter\View\View->CodeIgniter\View\{closure}()
 4 SYSTEMPATH/Common.php(1184): CodeIgniter\View\View->render('backend/admin/pages/update_blog', [], true)
 5 APPPATH/Views/backend/admin/template.php(36): view('backend/admin/pages/update_blog')
 6 SYSTEMPATH/View/View.php(213): include('APPPATH/Views/backend/admin/template.php')
 7 SYSTEMPATH/View/View.php(216): CodeIgniter\View\View->CodeIgniter\View\{closure}()
 8 SYSTEMPATH/Common.php(1184): CodeIgniter\View\View->render('backend/admin/template', [], true)
 9 APPPATH/Controllers/admin/Blogs.php(144): view('backend/admin/template', [...])
10 SYSTEMPATH/CodeIgniter.php(934): App\Controllers\admin\Blogs->edit()
11 SYSTEMPATH/CodeIgniter.php(499): CodeIgniter\CodeIgniter->runController(Object(App\Controllers\admin\Blogs))
12 SYSTEMPATH/CodeIgniter.php(368): CodeIgniter\CodeIgniter->handleRequest(null, Object(Config\Cache), false)
13 FCPATH/index.php(54): CodeIgniter\CodeIgniter->run()
CRITICAL - 2023-03-25 01:11:50 --> Undefined array key "user_id"
in APPPATH/Models/Blog_model.php on line 102.
 1 APPPATH/Models/Blog_model.php(102): CodeIgniter\Debug\Exceptions->errorHandler(2, 'Undefined array key "user_id"', 'APPPATH/Models/Blog_model.php', 102)
 2 APPPATH/Controllers/admin/Blogs.php(124): App\Models\Blog_model->list_blogs()
 3 SYSTEMPATH/CodeIgniter.php(934): App\Controllers\admin\Blogs->show()
 4 SYSTEMPATH/CodeIgniter.php(499): CodeIgniter\CodeIgniter->runController(Object(App\Controllers\admin\Blogs))
 5 SYSTEMPATH/CodeIgniter.php(368): CodeIgniter\CodeIgniter->handleRequest(null, Object(Config\Cache), false)
 6 FCPATH/index.php(54): CodeIgniter\CodeIgniter->run()
CRITICAL - 2023-03-25 01:12:02 --> Undefined array key "user_id"
in APPPATH/Models/Blog_model.php on line 102.
 1 APPPATH/Models/Blog_model.php(102): CodeIgniter\Debug\Exceptions->errorHandler(2, 'Undefined array key "user_id"', 'APPPATH/Models/Blog_model.php', 102)
 2 APPPATH/Controllers/admin/Blogs.php(124): App\Models\Blog_model->list_blogs()
 3 SYSTEMPATH/CodeIgniter.php(934): App\Controllers\admin\Blogs->show()
 4 SYSTEMPATH/CodeIgniter.php(499): CodeIgniter\CodeIgniter->runController(Object(App\Controllers\admin\Blogs))
 5 SYSTEMPATH/CodeIgniter.php(368): CodeIgniter\CodeIgniter->handleRequest(null, Object(Config\Cache), false)
 6 FCPATH/index.php(54): CodeIgniter\CodeIgniter->run()
CRITICAL - 2023-03-25 07:50:24 --> The action you requested is not allowed.
in SYSTEMPATH/Security/Security.php on line 306.
 1 SYSTEMPATH/Security/Security.php(306): CodeIgniter\Security\Exceptions\SecurityException::forDisallowedAction()
 2 SYSTEMPATH/Filters/CSRF.php(55): CodeIgniter\Security\Security->verify(Object(CodeIgniter\HTTP\IncomingRequest))
 3 SYSTEMPATH/Filters/Filters.php(173): CodeIgniter\Filters\CSRF->before(Object(CodeIgniter\HTTP\IncomingRequest), null)
 4 SYSTEMPATH/CodeIgniter.php(473): CodeIgniter\Filters\Filters->run('/admin/blogs/edit', 'before')
 5 SYSTEMPATH/CodeIgniter.php(368): CodeIgniter\CodeIgniter->handleRequest(null, Object(Config\Cache), false)
 6 FCPATH/index.php(54): CodeIgniter\CodeIgniter->run()
CRITICAL - 2023-03-25 07:51:43 --> The action you requested is not allowed.
in SYSTEMPATH/Security/Security.php on line 306.
 1 SYSTEMPATH/Security/Security.php(306): CodeIgniter\Security\Exceptions\SecurityException::forDisallowedAction()
 2 SYSTEMPATH/Filters/CSRF.php(55): CodeIgniter\Security\Security->verify(Object(CodeIgniter\HTTP\IncomingRequest))
 3 SYSTEMPATH/Filters/Filters.php(173): CodeIgniter\Filters\CSRF->before(Object(CodeIgniter\HTTP\IncomingRequest), null)
 4 SYSTEMPATH/CodeIgniter.php(473): CodeIgniter\Filters\Filters->run('/admin/blogs/edit', 'before')
 5 SYSTEMPATH/CodeIgniter.php(368): CodeIgniter\CodeIgniter->handleRequest(null, Object(Config\Cache), false)
 6 FCPATH/index.php(54): CodeIgniter\CodeIgniter->run()
CRITICAL - 2023-03-25 02:01:30 --> Undefined variable $id
in APPPATH/Views/backend/admin/pages/update_blog.php on line 27.
 1 APPPATH/Views/backend/admin/pages/update_blog.php(27): CodeIgniter\Debug\Exceptions->errorHandler(2, 'Undefined variable $id', 'APPPATH/Views/backend/admin/pages/update_blog.php', 27)
 2 SYSTEMPATH/View/View.php(213): include('APPPATH/Views/backend/admin/pages/update_blog.php')
 3 SYSTEMPATH/View/View.php(216): CodeIgniter\View\View->CodeIgniter\View\{closure}()
 4 SYSTEMPATH/Common.php(1184): CodeIgniter\View\View->render('backend/admin/pages/update_blog', [], true)
 5 APPPATH/Views/backend/admin/template.php(36): view('backend/admin/pages/update_blog')
 6 SYSTEMPATH/View/View.php(213): include('APPPATH/Views/backend/admin/template.php')
 7 SYSTEMPATH/View/View.php(216): CodeIgniter\View\View->CodeIgniter\View\{closure}()
 8 SYSTEMPATH/Common.php(1184): CodeIgniter\View\View->render('backend/admin/template', [], true)
 9 APPPATH/Controllers/admin/Blogs.php(144): view('backend/admin/template', [...])
10 SYSTEMPATH/CodeIgniter.php(934): App\Controllers\admin\Blogs->edit('1')
11 SYSTEMPATH/CodeIgniter.php(499): CodeIgniter\CodeIgniter->runController(Object(App\Controllers\admin\Blogs))
12 SYSTEMPATH/CodeIgniter.php(368): CodeIgniter\CodeIgniter->handleRequest(null, Object(Config\Cache), false)
13 FCPATH/index.php(54): CodeIgniter\CodeIgniter->run()
