CRITICAL - 2023-04-02 19:11:35 --> Undefined variable $value
in APPPATH/Views/backend/user/pages/send_review.php on line 20.
 1 APPPATH/Views/backend/user/pages/send_review.php(20): CodeIgniter\Debug\Exceptions->errorHandler(2, 'Undefined variable $value', 'APPPATH/Views/backend/user/pages/send_review.php', 20)
 2 SYSTEMPATH/View/View.php(213): include('APPPATH/Views/backend/user/pages/send_review.php')
 3 SYSTEMPATH/View/View.php(216): CodeIgniter\View\View->CodeIgniter\View\{closure}()
 4 SYSTEMPATH/Common.php(1184): CodeIgniter\View\View->render('backend/user/pages/send_review', [], true)
 5 APPPATH/Views/backend/user/template.php(29): view('backend/user/pages/send_review')
 6 SYSTEMPATH/View/View.php(213): include('APPPATH/Views/backend/user/template.php')
 7 SYSTEMPATH/View/View.php(216): CodeIgniter\View\View->CodeIgniter\View\{closure}()
 8 SYSTEMPATH/Common.php(1184): CodeIgniter\View\View->render('backend/user/template', [], true)
 9 APPPATH/Controllers/user/Reviews.php(22): view('backend/user/template', [...])
10 SYSTEMPATH/CodeIgniter.php(934): App\Controllers\user\Reviews->index()
11 SYSTEMPATH/CodeIgniter.php(499): CodeIgniter\CodeIgniter->runController(Object(App\Controllers\user\Reviews))
12 SYSTEMPATH/CodeIgniter.php(368): CodeIgniter\CodeIgniter->handleRequest(null, Object(Config\Cache), false)
13 FCPATH/index.php(54): CodeIgniter\CodeIgniter->run()
CRITICAL - 2023-04-02 19:12:49 --> Undefined variable $value
in APPPATH/Views/backend/user/pages/send_review.php on line 20.
 1 APPPATH/Views/backend/user/pages/send_review.php(20): CodeIgniter\Debug\Exceptions->errorHandler(2, 'Undefined variable $value', 'APPPATH/Views/backend/user/pages/send_review.php', 20)
 2 SYSTEMPATH/View/View.php(213): include('APPPATH/Views/backend/user/pages/send_review.php')
 3 SYSTEMPATH/View/View.php(216): CodeIgniter\View\View->CodeIgniter\View\{closure}()
 4 SYSTEMPATH/Common.php(1184): CodeIgniter\View\View->render('backend/user/pages/send_review', [], true)
 5 APPPATH/Views/backend/user/template.php(29): view('backend/user/pages/send_review')
 6 SYSTEMPATH/View/View.php(213): include('APPPATH/Views/backend/user/template.php')
 7 SYSTEMPATH/View/View.php(216): CodeIgniter\View\View->CodeIgniter\View\{closure}()
 8 SYSTEMPATH/Common.php(1184): CodeIgniter\View\View->render('backend/user/template', [], true)
 9 APPPATH/Controllers/user/Reviews.php(22): view('backend/user/template', [...])
10 SYSTEMPATH/CodeIgniter.php(934): App\Controllers\user\Reviews->index()
11 SYSTEMPATH/CodeIgniter.php(499): CodeIgniter\CodeIgniter->runController(Object(App\Controllers\user\Reviews))
12 SYSTEMPATH/CodeIgniter.php(368): CodeIgniter\CodeIgniter->handleRequest(null, Object(Config\Cache), false)
13 FCPATH/index.php(54): CodeIgniter\CodeIgniter->run()
CRITICAL - 2023-04-02 19:29:39 --> Unmatched '}'
in APPPATH/Views/backend/user/pages/send_review.php on line 50.
 1 SYSTEMPATH/View/View.php(216): CodeIgniter\View\View->CodeIgniter\View\{closure}()
 2 SYSTEMPATH/Common.php(1184): CodeIgniter\View\View->render('backend/user/pages/send_review', [], true)
 3 APPPATH/Views/backend/user/template.php(29): view('backend/user/pages/send_review')
 4 SYSTEMPATH/View/View.php(213): include('APPPATH/Views/backend/user/template.php')
 5 SYSTEMPATH/View/View.php(216): CodeIgniter\View\View->CodeIgniter\View\{closure}()
 6 SYSTEMPATH/Common.php(1184): CodeIgniter\View\View->render('backend/user/template', [], true)
 7 APPPATH/Controllers/user/Reviews.php(22): view('backend/user/template', [...])
 8 SYSTEMPATH/CodeIgniter.php(934): App\Controllers\user\Reviews->index()
 9 SYSTEMPATH/CodeIgniter.php(499): CodeIgniter\CodeIgniter->runController(Object(App\Controllers\user\Reviews))
10 SYSTEMPATH/CodeIgniter.php(368): CodeIgniter\CodeIgniter->handleRequest(null, Object(Config\Cache), false)
11 FCPATH/index.php(54): CodeIgniter\CodeIgniter->run()
CRITICAL - 2023-04-02 19:29:46 --> Unmatched '}'
in APPPATH/Views/backend/user/pages/send_review.php on line 50.
 1 SYSTEMPATH/View/View.php(216): CodeIgniter\View\View->CodeIgniter\View\{closure}()
 2 SYSTEMPATH/Common.php(1184): CodeIgniter\View\View->render('backend/user/pages/send_review', [], true)
 3 APPPATH/Views/backend/user/template.php(29): view('backend/user/pages/send_review')
 4 SYSTEMPATH/View/View.php(213): include('APPPATH/Views/backend/user/template.php')
 5 SYSTEMPATH/View/View.php(216): CodeIgniter\View\View->CodeIgniter\View\{closure}()
 6 SYSTEMPATH/Common.php(1184): CodeIgniter\View\View->render('backend/user/template', [], true)
 7 APPPATH/Controllers/user/Reviews.php(22): view('backend/user/template', [...])
 8 SYSTEMPATH/CodeIgniter.php(934): App\Controllers\user\Reviews->index()
 9 SYSTEMPATH/CodeIgniter.php(499): CodeIgniter\CodeIgniter->runController(Object(App\Controllers\user\Reviews))
10 SYSTEMPATH/CodeIgniter.php(368): CodeIgniter\CodeIgniter->handleRequest(null, Object(Config\Cache), false)
11 FCPATH/index.php(54): CodeIgniter\CodeIgniter->run()
CRITICAL - 2023-04-02 20:03:26 --> Undefined array key "description"
in APPPATH/Views/backend/user/pages/send_review.php on line 36.
 1 APPPATH/Views/backend/user/pages/send_review.php(36): CodeIgniter\Debug\Exceptions->errorHandler(2, 'Undefined array key "description"', 'APPPATH/Views/backend/user/pages/send_review.php', 36)
 2 SYSTEMPATH/View/View.php(213): include('APPPATH/Views/backend/user/pages/send_review.php')
 3 SYSTEMPATH/View/View.php(216): CodeIgniter\View\View->CodeIgniter\View\{closure}()
 4 SYSTEMPATH/Common.php(1184): CodeIgniter\View\View->render('backend/user/pages/send_review', [], true)
 5 APPPATH/Views/backend/user/template.php(29): view('backend/user/pages/send_review')
 6 SYSTEMPATH/View/View.php(213): include('APPPATH/Views/backend/user/template.php')
 7 SYSTEMPATH/View/View.php(216): CodeIgniter\View\View->CodeIgniter\View\{closure}()
 8 SYSTEMPATH/Common.php(1184): CodeIgniter\View\View->render('backend/user/template', [], true)
 9 APPPATH/Controllers/user/Reviews.php(22): view('backend/user/template', [...])
10 SYSTEMPATH/CodeIgniter.php(934): App\Controllers\user\Reviews->index()
11 SYSTEMPATH/CodeIgniter.php(499): CodeIgniter\CodeIgniter->runController(Object(App\Controllers\user\Reviews))
12 SYSTEMPATH/CodeIgniter.php(368): CodeIgniter\CodeIgniter->handleRequest(null, Object(Config\Cache), false)
13 FCPATH/index.php(54): CodeIgniter\CodeIgniter->run()
CRITICAL - 2023-04-02 21:20:21 --> Undefined variable $users
in APPPATH/Views/backend/admin/pages/reviews.php on line 21.
 1 APPPATH/Views/backend/admin/pages/reviews.php(21): CodeIgniter\Debug\Exceptions->errorHandler(2, 'Undefined variable $users', 'APPPATH/Views/backend/admin/pages/reviews.php', 21)
 2 SYSTEMPATH/View/View.php(213): include('APPPATH/Views/backend/admin/pages/reviews.php')
 3 SYSTEMPATH/View/View.php(216): CodeIgniter\View\View->CodeIgniter\View\{closure}()
 4 SYSTEMPATH/Common.php(1184): CodeIgniter\View\View->render('backend/admin/pages/reviews', [], true)
 5 APPPATH/Views/backend/admin/template.php(36): view('backend/admin/pages/reviews')
 6 SYSTEMPATH/View/View.php(213): include('APPPATH/Views/backend/admin/template.php')
 7 SYSTEMPATH/View/View.php(216): CodeIgniter\View\View->CodeIgniter\View\{closure}()
 8 SYSTEMPATH/Common.php(1184): CodeIgniter\View\View->render('backend/admin/template', [], true)
 9 APPPATH/Controllers/admin/Reviews.php(20): view('backend/admin/template', [...])
10 SYSTEMPATH/CodeIgniter.php(934): App\Controllers\admin\Reviews->index()
11 SYSTEMPATH/CodeIgniter.php(499): CodeIgniter\CodeIgniter->runController(Object(App\Controllers\admin\Reviews))
12 SYSTEMPATH/CodeIgniter.php(368): CodeIgniter\CodeIgniter->handleRequest(null, Object(Config\Cache), false)
13 FCPATH/index.php(54): CodeIgniter\CodeIgniter->run()
CRITICAL - 2023-04-02 22:37:56 --> Undefined variable $value
in APPPATH/Views/backend/user/pages/send_review.php on line 18.
 1 APPPATH/Views/backend/user/pages/send_review.php(18): CodeIgniter\Debug\Exceptions->errorHandler(2, 'Undefined variable $value', 'APPPATH/Views/backend/user/pages/send_review.php', 18)
 2 SYSTEMPATH/View/View.php(213): include('APPPATH/Views/backend/user/pages/send_review.php')
 3 SYSTEMPATH/View/View.php(216): CodeIgniter\View\View->CodeIgniter\View\{closure}()
 4 SYSTEMPATH/Common.php(1184): CodeIgniter\View\View->render('backend/user/pages/send_review', [], true)
 5 APPPATH/Views/backend/user/template.php(29): view('backend/user/pages/send_review')
 6 SYSTEMPATH/View/View.php(213): include('APPPATH/Views/backend/user/template.php')
 7 SYSTEMPATH/View/View.php(216): CodeIgniter\View\View->CodeIgniter\View\{closure}()
 8 SYSTEMPATH/Common.php(1184): CodeIgniter\View\View->render('backend/user/template', [], true)
 9 APPPATH/Controllers/user/Reviews.php(22): view('backend/user/template', [...])
10 SYSTEMPATH/CodeIgniter.php(934): App\Controllers\user\Reviews->index()
11 SYSTEMPATH/CodeIgniter.php(499): CodeIgniter\CodeIgniter->runController(Object(App\Controllers\user\Reviews))
12 SYSTEMPATH/CodeIgniter.php(368): CodeIgniter\CodeIgniter->handleRequest(null, Object(Config\Cache), false)
13 FCPATH/index.php(54): CodeIgniter\CodeIgniter->run()
CRITICAL - 2023-04-02 22:37:56 --> Undefined variable $value
in APPPATH/Views/backend/user/pages/send_review.php on line 18.
 1 APPPATH/Views/backend/user/pages/send_review.php(18): CodeIgniter\Debug\Exceptions->errorHandler(2, 'Undefined variable $value', 'APPPATH/Views/backend/user/pages/send_review.php', 18)
 2 SYSTEMPATH/View/View.php(213): include('APPPATH/Views/backend/user/pages/send_review.php')
 3 SYSTEMPATH/View/View.php(216): CodeIgniter\View\View->CodeIgniter\View\{closure}()
 4 SYSTEMPATH/Common.php(1184): CodeIgniter\View\View->render('backend/user/pages/send_review', [], true)
 5 APPPATH/Views/backend/user/template.php(29): view('backend/user/pages/send_review')
 6 SYSTEMPATH/View/View.php(213): include('APPPATH/Views/backend/user/template.php')
 7 SYSTEMPATH/View/View.php(216): CodeIgniter\View\View->CodeIgniter\View\{closure}()
 8 SYSTEMPATH/Common.php(1184): CodeIgniter\View\View->render('backend/user/template', [], true)
 9 APPPATH/Controllers/user/Reviews.php(22): view('backend/user/template', [...])
10 SYSTEMPATH/CodeIgniter.php(934): App\Controllers\user\Reviews->index()
11 SYSTEMPATH/CodeIgniter.php(499): CodeIgniter\CodeIgniter->runController(Object(App\Controllers\user\Reviews))
12 SYSTEMPATH/CodeIgniter.php(368): CodeIgniter\CodeIgniter->handleRequest(null, Object(Config\Cache), false)
13 FCPATH/index.php(54): CodeIgniter\CodeIgniter->run()
CRITICAL - 2023-04-02 22:39:11 --> Undefined array key "id"
in APPPATH/Views/backend/user/pages/send_review.php on line 18.
 1 APPPATH/Views/backend/user/pages/send_review.php(18): CodeIgniter\Debug\Exceptions->errorHandler(2, 'Undefined array key "id"', 'APPPATH/Views/backend/user/pages/send_review.php', 18)
 2 SYSTEMPATH/View/View.php(213): include('APPPATH/Views/backend/user/pages/send_review.php')
 3 SYSTEMPATH/View/View.php(216): CodeIgniter\View\View->CodeIgniter\View\{closure}()
 4 SYSTEMPATH/Common.php(1184): CodeIgniter\View\View->render('backend/user/pages/send_review', [], true)
 5 APPPATH/Views/backend/user/template.php(29): view('backend/user/pages/send_review')
 6 SYSTEMPATH/View/View.php(213): include('APPPATH/Views/backend/user/template.php')
 7 SYSTEMPATH/View/View.php(216): CodeIgniter\View\View->CodeIgniter\View\{closure}()
 8 SYSTEMPATH/Common.php(1184): CodeIgniter\View\View->render('backend/user/template', [], true)
 9 APPPATH/Controllers/user/Reviews.php(22): view('backend/user/template', [...])
10 SYSTEMPATH/CodeIgniter.php(934): App\Controllers\user\Reviews->index()
11 SYSTEMPATH/CodeIgniter.php(499): CodeIgniter\CodeIgniter->runController(Object(App\Controllers\user\Reviews))
12 SYSTEMPATH/CodeIgniter.php(368): CodeIgniter\CodeIgniter->handleRequest(null, Object(Config\Cache), false)
13 FCPATH/index.php(54): CodeIgniter\CodeIgniter->run()
CRITICAL - 2023-04-02 22:40:13 --> Undefined array key "id"
in APPPATH/Views/backend/user/pages/send_review.php on line 18.
 1 APPPATH/Views/backend/user/pages/send_review.php(18): CodeIgniter\Debug\Exceptions->errorHandler(2, 'Undefined array key "id"', 'APPPATH/Views/backend/user/pages/send_review.php', 18)
 2 SYSTEMPATH/View/View.php(213): include('APPPATH/Views/backend/user/pages/send_review.php')
 3 SYSTEMPATH/View/View.php(216): CodeIgniter\View\View->CodeIgniter\View\{closure}()
 4 SYSTEMPATH/Common.php(1184): CodeIgniter\View\View->render('backend/user/pages/send_review', [], true)
 5 APPPATH/Views/backend/user/template.php(29): view('backend/user/pages/send_review')
 6 SYSTEMPATH/View/View.php(213): include('APPPATH/Views/backend/user/template.php')
 7 SYSTEMPATH/View/View.php(216): CodeIgniter\View\View->CodeIgniter\View\{closure}()
 8 SYSTEMPATH/Common.php(1184): CodeIgniter\View\View->render('backend/user/template', [], true)
 9 APPPATH/Controllers/user/Reviews.php(22): view('backend/user/template', [...])
10 SYSTEMPATH/CodeIgniter.php(934): App\Controllers\user\Reviews->index()
11 SYSTEMPATH/CodeIgniter.php(499): CodeIgniter\CodeIgniter->runController(Object(App\Controllers\user\Reviews))
12 SYSTEMPATH/CodeIgniter.php(368): CodeIgniter\CodeIgniter->handleRequest(null, Object(Config\Cache), false)
13 FCPATH/index.php(54): CodeIgniter\CodeIgniter->run()
CRITICAL - 2023-04-02 22:40:16 --> Undefined array key "id"
in APPPATH/Views/backend/user/pages/send_review.php on line 18.
 1 APPPATH/Views/backend/user/pages/send_review.php(18): CodeIgniter\Debug\Exceptions->errorHandler(2, 'Undefined array key "id"', 'APPPATH/Views/backend/user/pages/send_review.php', 18)
 2 SYSTEMPATH/View/View.php(213): include('APPPATH/Views/backend/user/pages/send_review.php')
 3 SYSTEMPATH/View/View.php(216): CodeIgniter\View\View->CodeIgniter\View\{closure}()
 4 SYSTEMPATH/Common.php(1184): CodeIgniter\View\View->render('backend/user/pages/send_review', [], true)
 5 APPPATH/Views/backend/user/template.php(29): view('backend/user/pages/send_review')
 6 SYSTEMPATH/View/View.php(213): include('APPPATH/Views/backend/user/template.php')
 7 SYSTEMPATH/View/View.php(216): CodeIgniter\View\View->CodeIgniter\View\{closure}()
 8 SYSTEMPATH/Common.php(1184): CodeIgniter\View\View->render('backend/user/template', [], true)
 9 APPPATH/Controllers/user/Reviews.php(22): view('backend/user/template', [...])
10 SYSTEMPATH/CodeIgniter.php(934): App\Controllers\user\Reviews->index()
11 SYSTEMPATH/CodeIgniter.php(499): CodeIgniter\CodeIgniter->runController(Object(App\Controllers\user\Reviews))
12 SYSTEMPATH/CodeIgniter.php(368): CodeIgniter\CodeIgniter->handleRequest(null, Object(Config\Cache), false)
13 FCPATH/index.php(54): CodeIgniter\CodeIgniter->run()
CRITICAL - 2023-04-02 22:40:23 --> Undefined array key "id"
in APPPATH/Views/backend/user/pages/send_review.php on line 18.
 1 APPPATH/Views/backend/user/pages/send_review.php(18): CodeIgniter\Debug\Exceptions->errorHandler(2, 'Undefined array key "id"', 'APPPATH/Views/backend/user/pages/send_review.php', 18)
 2 SYSTEMPATH/View/View.php(213): include('APPPATH/Views/backend/user/pages/send_review.php')
 3 SYSTEMPATH/View/View.php(216): CodeIgniter\View\View->CodeIgniter\View\{closure}()
 4 SYSTEMPATH/Common.php(1184): CodeIgniter\View\View->render('backend/user/pages/send_review', [], true)
 5 APPPATH/Views/backend/user/template.php(29): view('backend/user/pages/send_review')
 6 SYSTEMPATH/View/View.php(213): include('APPPATH/Views/backend/user/template.php')
 7 SYSTEMPATH/View/View.php(216): CodeIgniter\View\View->CodeIgniter\View\{closure}()
 8 SYSTEMPATH/Common.php(1184): CodeIgniter\View\View->render('backend/user/template', [], true)
 9 APPPATH/Controllers/user/Reviews.php(22): view('backend/user/template', [...])
10 SYSTEMPATH/CodeIgniter.php(934): App\Controllers\user\Reviews->index()
11 SYSTEMPATH/CodeIgniter.php(499): CodeIgniter\CodeIgniter->runController(Object(App\Controllers\user\Reviews))
12 SYSTEMPATH/CodeIgniter.php(368): CodeIgniter\CodeIgniter->handleRequest(null, Object(Config\Cache), false)
13 FCPATH/index.php(54): CodeIgniter\CodeIgniter->run()
