CRITICAL - 2023-03-29 01:42:44 --> The action you requested is not allowed.
in SYSTEMPATH/Security/Security.php on line 306.
 1 SYSTEMPATH/Security/Security.php(306): CodeIgniter\Security\Exceptions\SecurityException::forDisallowedAction()
 2 SYSTEMPATH/Filters/CSRF.php(55): CodeIgniter\Security\Security->verify(Object(CodeIgniter\HTTP\IncomingRequest))
 3 SYSTEMPATH/Filters/Filters.php(173): CodeIgniter\Filters\CSRF->before(Object(CodeIgniter\HTTP\IncomingRequest), null)
 4 SYSTEMPATH/CodeIgniter.php(473): CodeIgniter\Filters\Filters->run('/admin/blogs/add-blog', 'before')
 5 SYSTEMPATH/CodeIgniter.php(368): CodeIgniter\CodeIgniter->handleRequest(null, Object(Config\Cache), false)
 6 FCPATH/index.php(54): CodeIgniter\CodeIgniter->run()
CRITICAL - 2023-03-29 00:35:37 --> Array to string conversion
in APPPATH/Views/frontend/retro/pages/blog.php on line 31.
 1 APPPATH/Views/frontend/retro/pages/blog.php(31): CodeIgniter\Debug\Exceptions->errorHandler(2, 'Array to string conversion', 'APPPATH/Views/frontend/retro/pages/blog.php', 31)
 2 SYSTEMPATH/View/View.php(213): include('APPPATH/Views/frontend/retro/pages/blog.php')
 3 SYSTEMPATH/View/View.php(216): CodeIgniter\View\View->CodeIgniter\View\{closure}()
 4 SYSTEMPATH/Common.php(1184): CodeIgniter\View\View->render('frontend/retro/pages/blog', [], true)
 5 APPPATH/Views/frontend/retro/template.php(44): view('frontend/retro/pages/blog')
 6 SYSTEMPATH/View/View.php(213): include('APPPATH/Views/frontend/retro/template.php')
 7 SYSTEMPATH/View/View.php(216): CodeIgniter\View\View->CodeIgniter\View\{closure}()
 8 SYSTEMPATH/Common.php(1184): CodeIgniter\View\View->render('frontend/retro/template', [], true)
 9 APPPATH/Controllers/Blog.php(30): view('frontend/retro/template', [...])
10 SYSTEMPATH/CodeIgniter.php(934): App\Controllers\Blog->index()
11 SYSTEMPATH/CodeIgniter.php(499): CodeIgniter\CodeIgniter->runController(Object(App\Controllers\Blog))
12 SYSTEMPATH/CodeIgniter.php(368): CodeIgniter\CodeIgniter->handleRequest(null, Object(Config\Cache), false)
13 FCPATH/index.php(54): CodeIgniter\CodeIgniter->run()
CRITICAL - 2023-03-29 01:30:37 --> Undefined array key "image"
in APPPATH/Views/frontend/retro/pages/home.php on line 342.
 1 APPPATH/Views/frontend/retro/pages/home.php(342): CodeIgniter\Debug\Exceptions->errorHandler(2, 'Undefined array key "image"', 'APPPATH/Views/frontend/retro/pages/home.php', 342)
 2 SYSTEMPATH/View/View.php(213): include('APPPATH/Views/frontend/retro/pages/home.php')
 3 SYSTEMPATH/View/View.php(216): CodeIgniter\View\View->CodeIgniter\View\{closure}()
 4 SYSTEMPATH/Common.php(1184): CodeIgniter\View\View->render('frontend/retro/pages/home', [], true)
 5 APPPATH/Views/frontend/retro/template.php(44): view('frontend/retro/pages/home')
 6 SYSTEMPATH/View/View.php(213): include('APPPATH/Views/frontend/retro/template.php')
 7 SYSTEMPATH/View/View.php(216): CodeIgniter\View\View->CodeIgniter\View\{closure}()
 8 SYSTEMPATH/Common.php(1184): CodeIgniter\View\View->render('/frontend/retro/template', [], true)
 9 APPPATH/Controllers/Home.php(63): view('/frontend/retro/template', [...])
10 SYSTEMPATH/CodeIgniter.php(934): App\Controllers\Home->index()
11 SYSTEMPATH/CodeIgniter.php(499): CodeIgniter\CodeIgniter->runController(Object(App\Controllers\Home))
12 SYSTEMPATH/CodeIgniter.php(368): CodeIgniter\CodeIgniter->handleRequest(null, Object(Config\Cache), false)
13 FCPATH/index.php(54): CodeIgniter\CodeIgniter->run()
CRITICAL - 2023-03-29 01:30:39 --> Undefined array key "image"
in APPPATH/Views/frontend/retro/pages/home.php on line 342.
 1 APPPATH/Views/frontend/retro/pages/home.php(342): CodeIgniter\Debug\Exceptions->errorHandler(2, 'Undefined array key "image"', 'APPPATH/Views/frontend/retro/pages/home.php', 342)
 2 SYSTEMPATH/View/View.php(213): include('APPPATH/Views/frontend/retro/pages/home.php')
 3 SYSTEMPATH/View/View.php(216): CodeIgniter\View\View->CodeIgniter\View\{closure}()
 4 SYSTEMPATH/Common.php(1184): CodeIgniter\View\View->render('frontend/retro/pages/home', [], true)
 5 APPPATH/Views/frontend/retro/template.php(44): view('frontend/retro/pages/home')
 6 SYSTEMPATH/View/View.php(213): include('APPPATH/Views/frontend/retro/template.php')
 7 SYSTEMPATH/View/View.php(216): CodeIgniter\View\View->CodeIgniter\View\{closure}()
 8 SYSTEMPATH/Common.php(1184): CodeIgniter\View\View->render('/frontend/retro/template', [], true)
 9 APPPATH/Controllers/Home.php(63): view('/frontend/retro/template', [...])
10 SYSTEMPATH/CodeIgniter.php(934): App\Controllers\Home->index()
11 SYSTEMPATH/CodeIgniter.php(499): CodeIgniter\CodeIgniter->runController(Object(App\Controllers\Home))
12 SYSTEMPATH/CodeIgniter.php(368): CodeIgniter\CodeIgniter->handleRequest(null, Object(Config\Cache), false)
13 FCPATH/index.php(54): CodeIgniter\CodeIgniter->run()
CRITICAL - 2023-03-29 01:31:35 --> Array to string conversion
in APPPATH/Views/frontend/retro/pages/home.php on line 339.
 1 APPPATH/Views/frontend/retro/pages/home.php(339): CodeIgniter\Debug\Exceptions->errorHandler(2, 'Array to string conversion', 'APPPATH/Views/frontend/retro/pages/home.php', 339)
 2 SYSTEMPATH/View/View.php(213): include('APPPATH/Views/frontend/retro/pages/home.php')
 3 SYSTEMPATH/View/View.php(216): CodeIgniter\View\View->CodeIgniter\View\{closure}()
 4 SYSTEMPATH/Common.php(1184): CodeIgniter\View\View->render('frontend/retro/pages/home', [], true)
 5 APPPATH/Views/frontend/retro/template.php(44): view('frontend/retro/pages/home')
 6 SYSTEMPATH/View/View.php(213): include('APPPATH/Views/frontend/retro/template.php')
 7 SYSTEMPATH/View/View.php(216): CodeIgniter\View\View->CodeIgniter\View\{closure}()
 8 SYSTEMPATH/Common.php(1184): CodeIgniter\View\View->render('/frontend/retro/template', [], true)
 9 APPPATH/Controllers/Home.php(63): view('/frontend/retro/template', [...])
10 SYSTEMPATH/CodeIgniter.php(934): App\Controllers\Home->index()
11 SYSTEMPATH/CodeIgniter.php(499): CodeIgniter\CodeIgniter->runController(Object(App\Controllers\Home))
12 SYSTEMPATH/CodeIgniter.php(368): CodeIgniter\CodeIgniter->handleRequest(null, Object(Config\Cache), false)
13 FCPATH/index.php(54): CodeIgniter\CodeIgniter->run()
CRITICAL - 2023-03-29 01:32:04 --> Undefined array key "image"
in APPPATH/Views/frontend/retro/pages/home.php on line 342.
 1 APPPATH/Views/frontend/retro/pages/home.php(342): CodeIgniter\Debug\Exceptions->errorHandler(2, 'Undefined array key "image"', 'APPPATH/Views/frontend/retro/pages/home.php', 342)
 2 SYSTEMPATH/View/View.php(213): include('APPPATH/Views/frontend/retro/pages/home.php')
 3 SYSTEMPATH/View/View.php(216): CodeIgniter\View\View->CodeIgniter\View\{closure}()
 4 SYSTEMPATH/Common.php(1184): CodeIgniter\View\View->render('frontend/retro/pages/home', [], true)
 5 APPPATH/Views/frontend/retro/template.php(44): view('frontend/retro/pages/home')
 6 SYSTEMPATH/View/View.php(213): include('APPPATH/Views/frontend/retro/template.php')
 7 SYSTEMPATH/View/View.php(216): CodeIgniter\View\View->CodeIgniter\View\{closure}()
 8 SYSTEMPATH/Common.php(1184): CodeIgniter\View\View->render('/frontend/retro/template', [], true)
 9 APPPATH/Controllers/Home.php(63): view('/frontend/retro/template', [...])
10 SYSTEMPATH/CodeIgniter.php(934): App\Controllers\Home->index()
11 SYSTEMPATH/CodeIgniter.php(499): CodeIgniter\CodeIgniter->runController(Object(App\Controllers\Home))
12 SYSTEMPATH/CodeIgniter.php(368): CodeIgniter\CodeIgniter->handleRequest(null, Object(Config\Cache), false)
13 FCPATH/index.php(54): CodeIgniter\CodeIgniter->run()
