CRITICAL - 2023-03-26 17:27:33 --> Undefined variable $id
in APPPATH/Views/backend/admin/pages/update_blog.php on line 27.
 1 APPPATH/Views/backend/admin/pages/update_blog.php(27): CodeIgniter\Debug\Exceptions->errorHandler(2, 'Undefined variable $id', 'APPPATH/Views/backend/admin/pages/update_blog.php', 27)
 2 SYSTEMPATH/View/View.php(213): include('APPPATH/Views/backend/admin/pages/update_blog.php')
 3 SYSTEMPATH/View/View.php(216): CodeIgniter\View\View->CodeIgniter\View\{closure}()
 4 SYSTEMPATH/Common.php(1184): CodeIgniter\View\View->render('backend/admin/pages/update_blog', [], true)
 5 APPPATH/Views/backend/admin/template.php(36): view('backend/admin/pages/update_blog')
 6 SYSTEMPATH/View/View.php(213): include('APPPATH/Views/backend/admin/template.php')
 7 SYSTEMPATH/View/View.php(216): CodeIgniter\View\View->CodeIgniter\View\{closure}()
 8 SYSTEMPATH/Common.php(1184): CodeIgniter\View\View->render('backend/admin/template', [], true)
 9 APPPATH/Controllers/admin/Blogs.php(146): view('backend/admin/template', [...])
10 SYSTEMPATH/CodeIgniter.php(934): App\Controllers\admin\Blogs->edit('1')
11 SYSTEMPATH/CodeIgniter.php(499): CodeIgniter\CodeIgniter->runController(Object(App\Controllers\admin\Blogs))
12 SYSTEMPATH/CodeIgniter.php(368): CodeIgniter\CodeIgniter->handleRequest(null, Object(Config\Cache), false)
13 FCPATH/index.php(54): CodeIgniter\CodeIgniter->run()
CRITICAL - 2023-03-26 17:32:51 --> Undefined array key "content"
in APPPATH/Controllers/admin/Blogs.php on line 87.
 1 APPPATH/Controllers/admin/Blogs.php(87): CodeIgniter\Debug\Exceptions->errorHandler(2, 'Undefined array key "content"', 'APPPATH/Controllers/admin/Blogs.php', 87)
 2 SYSTEMPATH/CodeIgniter.php(934): App\Controllers\admin\Blogs->add_blog()
 3 SYSTEMPATH/CodeIgniter.php(499): CodeIgniter\CodeIgniter->runController(Object(App\Controllers\admin\Blogs))
 4 SYSTEMPATH/CodeIgniter.php(368): CodeIgniter\CodeIgniter->handleRequest(null, Object(Config\Cache), false)
 5 FCPATH/index.php(54): CodeIgniter\CodeIgniter->run()
CRITICAL - 2023-03-26 23:33:53 --> The action you requested is not allowed.
in SYSTEMPATH/Security/Security.php on line 306.
 1 SYSTEMPATH/Security/Security.php(306): CodeIgniter\Security\Exceptions\SecurityException::forDisallowedAction()
 2 SYSTEMPATH/Filters/CSRF.php(55): CodeIgniter\Security\Security->verify(Object(CodeIgniter\HTTP\IncomingRequest))
 3 SYSTEMPATH/Filters/Filters.php(173): CodeIgniter\Filters\CSRF->before(Object(CodeIgniter\HTTP\IncomingRequest), null)
 4 SYSTEMPATH/CodeIgniter.php(473): CodeIgniter\Filters\Filters->run('/admin/blogs/add-blog', 'before')
 5 SYSTEMPATH/CodeIgniter.php(368): CodeIgniter\CodeIgniter->handleRequest(null, Object(Config\Cache), false)
 6 FCPATH/index.php(54): CodeIgniter\CodeIgniter->run()
CRITICAL - 2023-03-26 17:34:31 --> strpos(): Passing null to parameter #1 ($haystack) of type string is deprecated
in SYSTEMPATH/Helpers/url_helper.php on line 60.
 1 [internal function]: CodeIgniter\Debug\Exceptions->errorHandler(8192, 'strpos(): Passing null to parameter #1 ($haystack) of type string is deprecated', 'SYSTEMPATH/Helpers/url_helper.php', 60)
 2 SYSTEMPATH/Helpers/url_helper.php(60): strpos(null, '://')
 3 SYSTEMPATH/Helpers/url_helper.php(118): _get_uri(null, Object(Config\App))
 4 SYSTEMPATH/Helpers/url_helper.php(151): site_url(null, null, Object(Config\App))
 5 APPPATH/Models/Blog_model.php(89): base_url(null)
 6 APPPATH/Controllers/admin/Blogs.php(127): App\Models\Blog_model->list_blogs()
 7 SYSTEMPATH/CodeIgniter.php(934): App\Controllers\admin\Blogs->show()
 8 SYSTEMPATH/CodeIgniter.php(499): CodeIgniter\CodeIgniter->runController(Object(App\Controllers\admin\Blogs))
 9 SYSTEMPATH/CodeIgniter.php(368): CodeIgniter\CodeIgniter->handleRequest(null, Object(Config\Cache), false)
10 FCPATH/index.php(54): CodeIgniter\CodeIgniter->run()
CRITICAL - 2023-03-26 17:34:39 --> strpos(): Passing null to parameter #1 ($haystack) of type string is deprecated
in SYSTEMPATH/Helpers/url_helper.php on line 60.
 1 [internal function]: CodeIgniter\Debug\Exceptions->errorHandler(8192, 'strpos(): Passing null to parameter #1 ($haystack) of type string is deprecated', 'SYSTEMPATH/Helpers/url_helper.php', 60)
 2 SYSTEMPATH/Helpers/url_helper.php(60): strpos(null, '://')
 3 SYSTEMPATH/Helpers/url_helper.php(118): _get_uri(null, Object(Config\App))
 4 SYSTEMPATH/Helpers/url_helper.php(151): site_url(null, null, Object(Config\App))
 5 APPPATH/Models/Blog_model.php(89): base_url(null)
 6 APPPATH/Controllers/admin/Blogs.php(127): App\Models\Blog_model->list_blogs()
 7 SYSTEMPATH/CodeIgniter.php(934): App\Controllers\admin\Blogs->show()
 8 SYSTEMPATH/CodeIgniter.php(499): CodeIgniter\CodeIgniter->runController(Object(App\Controllers\admin\Blogs))
 9 SYSTEMPATH/CodeIgniter.php(368): CodeIgniter\CodeIgniter->handleRequest(null, Object(Config\Cache), false)
10 FCPATH/index.php(54): CodeIgniter\CodeIgniter->run()
CRITICAL - 2023-03-26 17:41:58 --> Undefined variable $value
in APPPATH/Views/backend/admin/pages/update_blog.php on line 24.
 1 APPPATH/Views/backend/admin/pages/update_blog.php(24): CodeIgniter\Debug\Exceptions->errorHandler(2, 'Undefined variable $value', 'APPPATH/Views/backend/admin/pages/update_blog.php', 24)
 2 SYSTEMPATH/View/View.php(213): include('APPPATH/Views/backend/admin/pages/update_blog.php')
 3 SYSTEMPATH/View/View.php(216): CodeIgniter\View\View->CodeIgniter\View\{closure}()
 4 SYSTEMPATH/Common.php(1184): CodeIgniter\View\View->render('backend/admin/pages/update_blog', [], true)
 5 APPPATH/Views/backend/admin/template.php(36): view('backend/admin/pages/update_blog')
 6 SYSTEMPATH/View/View.php(213): include('APPPATH/Views/backend/admin/template.php')
 7 SYSTEMPATH/View/View.php(216): CodeIgniter\View\View->CodeIgniter\View\{closure}()
 8 SYSTEMPATH/Common.php(1184): CodeIgniter\View\View->render('backend/admin/template', [], true)
 9 APPPATH/Controllers/admin/Blogs.php(145): view('backend/admin/template', [...])
10 SYSTEMPATH/CodeIgniter.php(934): App\Controllers\admin\Blogs->edit('3')
11 SYSTEMPATH/CodeIgniter.php(499): CodeIgniter\CodeIgniter->runController(Object(App\Controllers\admin\Blogs))
12 SYSTEMPATH/CodeIgniter.php(368): CodeIgniter\CodeIgniter->handleRequest(null, Object(Config\Cache), false)
13 FCPATH/index.php(54): CodeIgniter\CodeIgniter->run()
CRITICAL - 2023-03-26 17:44:14 --> Undefined variable $title
in APPPATH/Views/backend/admin/template.php on line 8.
 1 APPPATH/Views/backend/admin/template.php(8): CodeIgniter\Debug\Exceptions->errorHandler(2, 'Undefined variable $title', 'APPPATH/Views/backend/admin/template.php', 8)
 2 SYSTEMPATH/View/View.php(213): include('APPPATH/Views/backend/admin/template.php')
 3 SYSTEMPATH/View/View.php(216): CodeIgniter\View\View->CodeIgniter\View\{closure}()
 4 SYSTEMPATH/Common.php(1184): CodeIgniter\View\View->render('backend/admin/template', [], true)
 5 APPPATH/Controllers/admin/Blogs.php(145): view('backend/admin/template', [...])
 6 SYSTEMPATH/CodeIgniter.php(934): App\Controllers\admin\Blogs->edit('3')
 7 SYSTEMPATH/CodeIgniter.php(499): CodeIgniter\CodeIgniter->runController(Object(App\Controllers\admin\Blogs))
 8 SYSTEMPATH/CodeIgniter.php(368): CodeIgniter\CodeIgniter->handleRequest(null, Object(Config\Cache), false)
 9 FCPATH/index.php(54): CodeIgniter\CodeIgniter->run()
CRITICAL - 2023-03-26 17:44:15 --> Undefined variable $title
in APPPATH/Views/backend/admin/template.php on line 8.
 1 APPPATH/Views/backend/admin/template.php(8): CodeIgniter\Debug\Exceptions->errorHandler(2, 'Undefined variable $title', 'APPPATH/Views/backend/admin/template.php', 8)
 2 SYSTEMPATH/View/View.php(213): include('APPPATH/Views/backend/admin/template.php')
 3 SYSTEMPATH/View/View.php(216): CodeIgniter\View\View->CodeIgniter\View\{closure}()
 4 SYSTEMPATH/Common.php(1184): CodeIgniter\View\View->render('backend/admin/template', [], true)
 5 APPPATH/Controllers/admin/Blogs.php(145): view('backend/admin/template', [...])
 6 SYSTEMPATH/CodeIgniter.php(934): App\Controllers\admin\Blogs->edit('3')
 7 SYSTEMPATH/CodeIgniter.php(499): CodeIgniter\CodeIgniter->runController(Object(App\Controllers\admin\Blogs))
 8 SYSTEMPATH/CodeIgniter.php(368): CodeIgniter\CodeIgniter->handleRequest(null, Object(Config\Cache), false)
 9 FCPATH/index.php(54): CodeIgniter\CodeIgniter->run()
CRITICAL - 2023-03-26 17:44:15 --> Undefined variable $title
in APPPATH/Views/backend/admin/template.php on line 8.
 1 APPPATH/Views/backend/admin/template.php(8): CodeIgniter\Debug\Exceptions->errorHandler(2, 'Undefined variable $title', 'APPPATH/Views/backend/admin/template.php', 8)
 2 SYSTEMPATH/View/View.php(213): include('APPPATH/Views/backend/admin/template.php')
 3 SYSTEMPATH/View/View.php(216): CodeIgniter\View\View->CodeIgniter\View\{closure}()
 4 SYSTEMPATH/Common.php(1184): CodeIgniter\View\View->render('backend/admin/template', [], true)
 5 APPPATH/Controllers/admin/Blogs.php(145): view('backend/admin/template', [...])
 6 SYSTEMPATH/CodeIgniter.php(934): App\Controllers\admin\Blogs->edit('3')
 7 SYSTEMPATH/CodeIgniter.php(499): CodeIgniter\CodeIgniter->runController(Object(App\Controllers\admin\Blogs))
 8 SYSTEMPATH/CodeIgniter.php(368): CodeIgniter\CodeIgniter->handleRequest(null, Object(Config\Cache), false)
 9 FCPATH/index.php(54): CodeIgniter\CodeIgniter->run()
CRITICAL - 2023-03-26 17:45:24 --> Undefined array key "id"
in APPPATH/Controllers/admin/Blogs.php on line 135.
 1 APPPATH/Controllers/admin/Blogs.php(135): CodeIgniter\Debug\Exceptions->errorHandler(2, 'Undefined array key "id"', 'APPPATH/Controllers/admin/Blogs.php', 135)
 2 SYSTEMPATH/CodeIgniter.php(934): App\Controllers\admin\Blogs->edit('3')
 3 SYSTEMPATH/CodeIgniter.php(499): CodeIgniter\CodeIgniter->runController(Object(App\Controllers\admin\Blogs))
 4 SYSTEMPATH/CodeIgniter.php(368): CodeIgniter\CodeIgniter->handleRequest(null, Object(Config\Cache), false)
 5 FCPATH/index.php(54): CodeIgniter\CodeIgniter->run()
CRITICAL - 2023-03-26 17:45:25 --> Undefined array key "id"
in APPPATH/Controllers/admin/Blogs.php on line 135.
 1 APPPATH/Controllers/admin/Blogs.php(135): CodeIgniter\Debug\Exceptions->errorHandler(2, 'Undefined array key "id"', 'APPPATH/Controllers/admin/Blogs.php', 135)
 2 SYSTEMPATH/CodeIgniter.php(934): App\Controllers\admin\Blogs->edit('3')
 3 SYSTEMPATH/CodeIgniter.php(499): CodeIgniter\CodeIgniter->runController(Object(App\Controllers\admin\Blogs))
 4 SYSTEMPATH/CodeIgniter.php(368): CodeIgniter\CodeIgniter->handleRequest(null, Object(Config\Cache), false)
 5 FCPATH/index.php(54): CodeIgniter\CodeIgniter->run()
CRITICAL - 2023-03-26 17:45:25 --> Undefined array key "id"
in APPPATH/Controllers/admin/Blogs.php on line 135.
 1 APPPATH/Controllers/admin/Blogs.php(135): CodeIgniter\Debug\Exceptions->errorHandler(2, 'Undefined array key "id"', 'APPPATH/Controllers/admin/Blogs.php', 135)
 2 SYSTEMPATH/CodeIgniter.php(934): App\Controllers\admin\Blogs->edit('3')
 3 SYSTEMPATH/CodeIgniter.php(499): CodeIgniter\CodeIgniter->runController(Object(App\Controllers\admin\Blogs))
 4 SYSTEMPATH/CodeIgniter.php(368): CodeIgniter\CodeIgniter->handleRequest(null, Object(Config\Cache), false)
 5 FCPATH/index.php(54): CodeIgniter\CodeIgniter->run()
CRITICAL - 2023-03-26 17:45:40 --> Undefined variable $title
in APPPATH/Views/backend/admin/template.php on line 8.
 1 APPPATH/Views/backend/admin/template.php(8): CodeIgniter\Debug\Exceptions->errorHandler(2, 'Undefined variable $title', 'APPPATH/Views/backend/admin/template.php', 8)
 2 SYSTEMPATH/View/View.php(213): include('APPPATH/Views/backend/admin/template.php')
 3 SYSTEMPATH/View/View.php(216): CodeIgniter\View\View->CodeIgniter\View\{closure}()
 4 SYSTEMPATH/Common.php(1184): CodeIgniter\View\View->render('backend/admin/template', [], true)
 5 APPPATH/Controllers/admin/Blogs.php(145): view('backend/admin/template', [...])
 6 SYSTEMPATH/CodeIgniter.php(934): App\Controllers\admin\Blogs->edit('3')
 7 SYSTEMPATH/CodeIgniter.php(499): CodeIgniter\CodeIgniter->runController(Object(App\Controllers\admin\Blogs))
 8 SYSTEMPATH/CodeIgniter.php(368): CodeIgniter\CodeIgniter->handleRequest(null, Object(Config\Cache), false)
 9 FCPATH/index.php(54): CodeIgniter\CodeIgniter->run()
CRITICAL - 2023-03-26 17:46:29 --> Undefined variable $title
in APPPATH/Views/backend/admin/template.php on line 8.
 1 APPPATH/Views/backend/admin/template.php(8): CodeIgniter\Debug\Exceptions->errorHandler(2, 'Undefined variable $title', 'APPPATH/Views/backend/admin/template.php', 8)
 2 SYSTEMPATH/View/View.php(213): include('APPPATH/Views/backend/admin/template.php')
 3 SYSTEMPATH/View/View.php(216): CodeIgniter\View\View->CodeIgniter\View\{closure}()
 4 SYSTEMPATH/Common.php(1184): CodeIgniter\View\View->render('backend/admin/template', [], true)
 5 APPPATH/Controllers/admin/Blogs.php(145): view('backend/admin/template', [...])
 6 SYSTEMPATH/CodeIgniter.php(934): App\Controllers\admin\Blogs->edit('2')
 7 SYSTEMPATH/CodeIgniter.php(499): CodeIgniter\CodeIgniter->runController(Object(App\Controllers\admin\Blogs))
 8 SYSTEMPATH/CodeIgniter.php(368): CodeIgniter\CodeIgniter->handleRequest(null, Object(Config\Cache), false)
 9 FCPATH/index.php(54): CodeIgniter\CodeIgniter->run()
CRITICAL - 2023-03-26 17:52:36 --> Undefined array key "title"
in APPPATH/Views/backend/admin/pages/update_blog.php on line 28.
 1 APPPATH/Views/backend/admin/pages/update_blog.php(28): CodeIgniter\Debug\Exceptions->errorHandler(2, 'Undefined array key "title"', 'APPPATH/Views/backend/admin/pages/update_blog.php', 28)
 2 SYSTEMPATH/View/View.php(213): include('APPPATH/Views/backend/admin/pages/update_blog.php')
 3 SYSTEMPATH/View/View.php(216): CodeIgniter\View\View->CodeIgniter\View\{closure}()
 4 SYSTEMPATH/Common.php(1184): CodeIgniter\View\View->render('backend/admin/pages/update_blog', [], true)
 5 APPPATH/Views/backend/admin/template.php(36): view('backend/admin/pages/update_blog')
 6 SYSTEMPATH/View/View.php(213): include('APPPATH/Views/backend/admin/template.php')
 7 SYSTEMPATH/View/View.php(216): CodeIgniter\View\View->CodeIgniter\View\{closure}()
 8 SYSTEMPATH/Common.php(1184): CodeIgniter\View\View->render('backend/admin/template', [], true)
 9 APPPATH/Controllers/admin/Blogs.php(145): view('backend/admin/template', [...])
10 SYSTEMPATH/CodeIgniter.php(934): App\Controllers\admin\Blogs->edit('2')
11 SYSTEMPATH/CodeIgniter.php(499): CodeIgniter\CodeIgniter->runController(Object(App\Controllers\admin\Blogs))
12 SYSTEMPATH/CodeIgniter.php(368): CodeIgniter\CodeIgniter->handleRequest(null, Object(Config\Cache), false)
13 FCPATH/index.php(54): CodeIgniter\CodeIgniter->run()
CRITICAL - 2023-03-26 17:55:00 --> Unclosed '{' on line 21
in APPPATH/Views/backend/admin/pages/update_blog.php on line 70.
 1 SYSTEMPATH/View/View.php(216): CodeIgniter\View\View->CodeIgniter\View\{closure}()
 2 SYSTEMPATH/Common.php(1184): CodeIgniter\View\View->render('backend/admin/pages/update_blog', [], true)
 3 APPPATH/Views/backend/admin/template.php(36): view('backend/admin/pages/update_blog')
 4 SYSTEMPATH/View/View.php(213): include('APPPATH/Views/backend/admin/template.php')
 5 SYSTEMPATH/View/View.php(216): CodeIgniter\View\View->CodeIgniter\View\{closure}()
 6 SYSTEMPATH/Common.php(1184): CodeIgniter\View\View->render('backend/admin/template', [], true)
 7 APPPATH/Controllers/admin/Blogs.php(145): view('backend/admin/template', [...])
 8 SYSTEMPATH/CodeIgniter.php(934): App\Controllers\admin\Blogs->edit('2')
 9 SYSTEMPATH/CodeIgniter.php(499): CodeIgniter\CodeIgniter->runController(Object(App\Controllers\admin\Blogs))
10 SYSTEMPATH/CodeIgniter.php(368): CodeIgniter\CodeIgniter->handleRequest(null, Object(Config\Cache), false)
11 FCPATH/index.php(54): CodeIgniter\CodeIgniter->run()
CRITICAL - 2023-03-26 17:55:21 --> Unclosed '{' on line 21
in APPPATH/Views/backend/admin/pages/update_blog.php on line 71.
 1 SYSTEMPATH/View/View.php(216): CodeIgniter\View\View->CodeIgniter\View\{closure}()
 2 SYSTEMPATH/Common.php(1184): CodeIgniter\View\View->render('backend/admin/pages/update_blog', [], true)
 3 APPPATH/Views/backend/admin/template.php(36): view('backend/admin/pages/update_blog')
 4 SYSTEMPATH/View/View.php(213): include('APPPATH/Views/backend/admin/template.php')
 5 SYSTEMPATH/View/View.php(216): CodeIgniter\View\View->CodeIgniter\View\{closure}()
 6 SYSTEMPATH/Common.php(1184): CodeIgniter\View\View->render('backend/admin/template', [], true)
 7 APPPATH/Controllers/admin/Blogs.php(145): view('backend/admin/template', [...])
 8 SYSTEMPATH/CodeIgniter.php(934): App\Controllers\admin\Blogs->edit('2')
 9 SYSTEMPATH/CodeIgniter.php(499): CodeIgniter\CodeIgniter->runController(Object(App\Controllers\admin\Blogs))
10 SYSTEMPATH/CodeIgniter.php(368): CodeIgniter\CodeIgniter->handleRequest(null, Object(Config\Cache), false)
11 FCPATH/index.php(54): CodeIgniter\CodeIgniter->run()
CRITICAL - 2023-03-26 17:55:46 --> Unclosed '{' on line 21
in APPPATH/Views/backend/admin/pages/update_blog.php on line 73.
 1 SYSTEMPATH/View/View.php(216): CodeIgniter\View\View->CodeIgniter\View\{closure}()
 2 SYSTEMPATH/Common.php(1184): CodeIgniter\View\View->render('backend/admin/pages/update_blog', [], true)
 3 APPPATH/Views/backend/admin/template.php(36): view('backend/admin/pages/update_blog')
 4 SYSTEMPATH/View/View.php(213): include('APPPATH/Views/backend/admin/template.php')
 5 SYSTEMPATH/View/View.php(216): CodeIgniter\View\View->CodeIgniter\View\{closure}()
 6 SYSTEMPATH/Common.php(1184): CodeIgniter\View\View->render('backend/admin/template', [], true)
 7 APPPATH/Controllers/admin/Blogs.php(145): view('backend/admin/template', [...])
 8 SYSTEMPATH/CodeIgniter.php(934): App\Controllers\admin\Blogs->edit('2')
 9 SYSTEMPATH/CodeIgniter.php(499): CodeIgniter\CodeIgniter->runController(Object(App\Controllers\admin\Blogs))
10 SYSTEMPATH/CodeIgniter.php(368): CodeIgniter\CodeIgniter->handleRequest(null, Object(Config\Cache), false)
11 FCPATH/index.php(54): CodeIgniter\CodeIgniter->run()
CRITICAL - 2023-03-26 17:55:49 --> Unclosed '{' on line 21
in APPPATH/Views/backend/admin/pages/update_blog.php on line 73.
 1 SYSTEMPATH/View/View.php(216): CodeIgniter\View\View->CodeIgniter\View\{closure}()
 2 SYSTEMPATH/Common.php(1184): CodeIgniter\View\View->render('backend/admin/pages/update_blog', [], true)
 3 APPPATH/Views/backend/admin/template.php(36): view('backend/admin/pages/update_blog')
 4 SYSTEMPATH/View/View.php(213): include('APPPATH/Views/backend/admin/template.php')
 5 SYSTEMPATH/View/View.php(216): CodeIgniter\View\View->CodeIgniter\View\{closure}()
 6 SYSTEMPATH/Common.php(1184): CodeIgniter\View\View->render('backend/admin/template', [], true)
 7 APPPATH/Controllers/admin/Blogs.php(145): view('backend/admin/template', [...])
 8 SYSTEMPATH/CodeIgniter.php(934): App\Controllers\admin\Blogs->edit('2')
 9 SYSTEMPATH/CodeIgniter.php(499): CodeIgniter\CodeIgniter->runController(Object(App\Controllers\admin\Blogs))
10 SYSTEMPATH/CodeIgniter.php(368): CodeIgniter\CodeIgniter->handleRequest(null, Object(Config\Cache), false)
11 FCPATH/index.php(54): CodeIgniter\CodeIgniter->run()
CRITICAL - 2023-03-26 17:55:49 --> Unclosed '{' on line 21
in APPPATH/Views/backend/admin/pages/update_blog.php on line 73.
 1 SYSTEMPATH/View/View.php(216): CodeIgniter\View\View->CodeIgniter\View\{closure}()
 2 SYSTEMPATH/Common.php(1184): CodeIgniter\View\View->render('backend/admin/pages/update_blog', [], true)
 3 APPPATH/Views/backend/admin/template.php(36): view('backend/admin/pages/update_blog')
 4 SYSTEMPATH/View/View.php(213): include('APPPATH/Views/backend/admin/template.php')
 5 SYSTEMPATH/View/View.php(216): CodeIgniter\View\View->CodeIgniter\View\{closure}()
 6 SYSTEMPATH/Common.php(1184): CodeIgniter\View\View->render('backend/admin/template', [], true)
 7 APPPATH/Controllers/admin/Blogs.php(145): view('backend/admin/template', [...])
 8 SYSTEMPATH/CodeIgniter.php(934): App\Controllers\admin\Blogs->edit('2')
 9 SYSTEMPATH/CodeIgniter.php(499): CodeIgniter\CodeIgniter->runController(Object(App\Controllers\admin\Blogs))
10 SYSTEMPATH/CodeIgniter.php(368): CodeIgniter\CodeIgniter->handleRequest(null, Object(Config\Cache), false)
11 FCPATH/index.php(54): CodeIgniter\CodeIgniter->run()
CRITICAL - 2023-03-26 18:01:01 --> Undefined array key "content"
in APPPATH/Views/backend/admin/pages/update_blog.php on line 55.
 1 APPPATH/Views/backend/admin/pages/update_blog.php(55): CodeIgniter\Debug\Exceptions->errorHandler(2, 'Undefined array key "content"', 'APPPATH/Views/backend/admin/pages/update_blog.php', 55)
 2 SYSTEMPATH/View/View.php(213): include('APPPATH/Views/backend/admin/pages/update_blog.php')
 3 SYSTEMPATH/View/View.php(216): CodeIgniter\View\View->CodeIgniter\View\{closure}()
 4 SYSTEMPATH/Common.php(1184): CodeIgniter\View\View->render('backend/admin/pages/update_blog', [], true)
 5 APPPATH/Views/backend/admin/template.php(36): view('backend/admin/pages/update_blog')
 6 SYSTEMPATH/View/View.php(213): include('APPPATH/Views/backend/admin/template.php')
 7 SYSTEMPATH/View/View.php(216): CodeIgniter\View\View->CodeIgniter\View\{closure}()
 8 SYSTEMPATH/Common.php(1184): CodeIgniter\View\View->render('backend/admin/template', [], true)
 9 APPPATH/Controllers/admin/Blogs.php(145): view('backend/admin/template', [...])
10 SYSTEMPATH/CodeIgniter.php(934): App\Controllers\admin\Blogs->edit('2')
11 SYSTEMPATH/CodeIgniter.php(499): CodeIgniter\CodeIgniter->runController(Object(App\Controllers\admin\Blogs))
12 SYSTEMPATH/CodeIgniter.php(368): CodeIgniter\CodeIgniter->handleRequest(null, Object(Config\Cache), false)
13 FCPATH/index.php(54): CodeIgniter\CodeIgniter->run()
CRITICAL - 2023-03-26 18:01:11 --> Undefined array key "content"
in APPPATH/Views/backend/admin/pages/update_blog.php on line 55.
 1 APPPATH/Views/backend/admin/pages/update_blog.php(55): CodeIgniter\Debug\Exceptions->errorHandler(2, 'Undefined array key "content"', 'APPPATH/Views/backend/admin/pages/update_blog.php', 55)
 2 SYSTEMPATH/View/View.php(213): include('APPPATH/Views/backend/admin/pages/update_blog.php')
 3 SYSTEMPATH/View/View.php(216): CodeIgniter\View\View->CodeIgniter\View\{closure}()
 4 SYSTEMPATH/Common.php(1184): CodeIgniter\View\View->render('backend/admin/pages/update_blog', [], true)
 5 APPPATH/Views/backend/admin/template.php(36): view('backend/admin/pages/update_blog')
 6 SYSTEMPATH/View/View.php(213): include('APPPATH/Views/backend/admin/template.php')
 7 SYSTEMPATH/View/View.php(216): CodeIgniter\View\View->CodeIgniter\View\{closure}()
 8 SYSTEMPATH/Common.php(1184): CodeIgniter\View\View->render('backend/admin/template', [], true)
 9 APPPATH/Controllers/admin/Blogs.php(145): view('backend/admin/template', [...])
10 SYSTEMPATH/CodeIgniter.php(934): App\Controllers\admin\Blogs->edit('2')
11 SYSTEMPATH/CodeIgniter.php(499): CodeIgniter\CodeIgniter->runController(Object(App\Controllers\admin\Blogs))
12 SYSTEMPATH/CodeIgniter.php(368): CodeIgniter\CodeIgniter->handleRequest(null, Object(Config\Cache), false)
13 FCPATH/index.php(54): CodeIgniter\CodeIgniter->run()
CRITICAL - 2023-03-26 18:11:15 --> Unmatched '}'
in APPPATH/Views/backend/admin/pages/update_blog.php on line 68.
 1 SYSTEMPATH/View/View.php(216): CodeIgniter\View\View->CodeIgniter\View\{closure}()
 2 SYSTEMPATH/Common.php(1184): CodeIgniter\View\View->render('backend/admin/pages/update_blog', [], true)
 3 APPPATH/Views/backend/admin/template.php(36): view('backend/admin/pages/update_blog')
 4 SYSTEMPATH/View/View.php(213): include('APPPATH/Views/backend/admin/template.php')
 5 SYSTEMPATH/View/View.php(216): CodeIgniter\View\View->CodeIgniter\View\{closure}()
 6 SYSTEMPATH/Common.php(1184): CodeIgniter\View\View->render('backend/admin/template', [], true)
 7 APPPATH/Controllers/admin/Blogs.php(145): view('backend/admin/template', [...])
 8 SYSTEMPATH/CodeIgniter.php(934): App\Controllers\admin\Blogs->edit('2')
 9 SYSTEMPATH/CodeIgniter.php(499): CodeIgniter\CodeIgniter->runController(Object(App\Controllers\admin\Blogs))
10 SYSTEMPATH/CodeIgniter.php(368): CodeIgniter\CodeIgniter->handleRequest(null, Object(Config\Cache), false)
11 FCPATH/index.php(54): CodeIgniter\CodeIgniter->run()
CRITICAL - 2023-03-26 18:50:44 --> Undefined array key "contant"
in APPPATH/Controllers/admin/Blogs.php on line 83.
 1 APPPATH/Controllers/admin/Blogs.php(83): CodeIgniter\Debug\Exceptions->errorHandler(2, 'Undefined array key "contant"', 'APPPATH/Controllers/admin/Blogs.php', 83)
 2 SYSTEMPATH/CodeIgniter.php(934): App\Controllers\admin\Blogs->add_blog()
 3 SYSTEMPATH/CodeIgniter.php(499): CodeIgniter\CodeIgniter->runController(Object(App\Controllers\admin\Blogs))
 4 SYSTEMPATH/CodeIgniter.php(368): CodeIgniter\CodeIgniter->handleRequest(null, Object(Config\Cache), false)
 5 FCPATH/index.php(54): CodeIgniter\CodeIgniter->run()
CRITICAL - 2023-03-26 19:02:56 --> Undefined array key "description"
in APPPATH/Controllers/admin/Blogs.php on line 187.
 1 APPPATH/Controllers/admin/Blogs.php(187): CodeIgniter\Debug\Exceptions->errorHandler(2, 'Undefined array key "description"', 'APPPATH/Controllers/admin/Blogs.php', 187)
 2 SYSTEMPATH/CodeIgniter.php(934): App\Controllers\admin\Blogs->update()
 3 SYSTEMPATH/CodeIgniter.php(499): CodeIgniter\CodeIgniter->runController(Object(App\Controllers\admin\Blogs))
 4 SYSTEMPATH/CodeIgniter.php(368): CodeIgniter\CodeIgniter->handleRequest(null, Object(Config\Cache), false)
 5 FCPATH/index.php(54): CodeIgniter\CodeIgniter->run()
CRITICAL - 2023-03-26 19:04:47 --> Undefined array key "description"
in APPPATH/Controllers/admin/Blogs.php on line 187.
 1 APPPATH/Controllers/admin/Blogs.php(187): CodeIgniter\Debug\Exceptions->errorHandler(2, 'Undefined array key "description"', 'APPPATH/Controllers/admin/Blogs.php', 187)
 2 SYSTEMPATH/CodeIgniter.php(934): App\Controllers\admin\Blogs->update()
 3 SYSTEMPATH/CodeIgniter.php(499): CodeIgniter\CodeIgniter->runController(Object(App\Controllers\admin\Blogs))
 4 SYSTEMPATH/CodeIgniter.php(368): CodeIgniter\CodeIgniter->handleRequest(null, Object(Config\Cache), false)
 5 FCPATH/index.php(54): CodeIgniter\CodeIgniter->run()
CRITICAL - 2023-03-26 19:12:06 --> Undefined variable $blogs
in APPPATH/Views/frontend/retro/pages/home.php on line 287.
 1 APPPATH/Views/frontend/retro/pages/home.php(287): CodeIgniter\Debug\Exceptions->errorHandler(2, 'Undefined variable $blogs', 'APPPATH/Views/frontend/retro/pages/home.php', 287)
 2 SYSTEMPATH/View/View.php(213): include('APPPATH/Views/frontend/retro/pages/home.php')
 3 SYSTEMPATH/View/View.php(216): CodeIgniter\View\View->CodeIgniter\View\{closure}()
 4 SYSTEMPATH/Common.php(1184): CodeIgniter\View\View->render('frontend/retro/pages/home', [], true)
 5 APPPATH/Views/frontend/retro/template.php(44): view('frontend/retro/pages/home')
 6 SYSTEMPATH/View/View.php(213): include('APPPATH/Views/frontend/retro/template.php')
 7 SYSTEMPATH/View/View.php(216): CodeIgniter\View\View->CodeIgniter\View\{closure}()
 8 SYSTEMPATH/Common.php(1184): CodeIgniter\View\View->render('/frontend/retro/template', [], true)
 9 APPPATH/Controllers/Home.php(61): view('/frontend/retro/template', [...])
10 SYSTEMPATH/CodeIgniter.php(934): App\Controllers\Home->index()
11 SYSTEMPATH/CodeIgniter.php(499): CodeIgniter\CodeIgniter->runController(Object(App\Controllers\Home))
12 SYSTEMPATH/CodeIgniter.php(368): CodeIgniter\CodeIgniter->handleRequest(null, Object(Config\Cache), false)
13 FCPATH/index.php(54): CodeIgniter\CodeIgniter->run()
CRITICAL - 2023-03-26 19:49:57 --> Undefined variable $main_page
in APPPATH/Views/frontend/retro/template.php on line 44.
 1 APPPATH/Views/frontend/retro/template.php(44): CodeIgniter\Debug\Exceptions->errorHandler(2, 'Undefined variable $main_page', 'APPPATH/Views/frontend/retro/template.php', 44)
 2 SYSTEMPATH/View/View.php(213): include('APPPATH/Views/frontend/retro/template.php')
 3 SYSTEMPATH/View/View.php(216): CodeIgniter\View\View->CodeIgniter\View\{closure}()
 4 SYSTEMPATH/Common.php(1184): CodeIgniter\View\View->render('frontend/retro/template', [], true)
 5 APPPATH/Controllers/Blog.php(34): view('frontend/retro/template', [...])
 6 SYSTEMPATH/CodeIgniter.php(934): App\Controllers\Blog->index()
 7 SYSTEMPATH/CodeIgniter.php(499): CodeIgniter\CodeIgniter->runController(Object(App\Controllers\Blog))
 8 SYSTEMPATH/CodeIgniter.php(368): CodeIgniter\CodeIgniter->handleRequest(null, Object(Config\Cache), false)
 9 FCPATH/index.php(54): CodeIgniter\CodeIgniter->run()
CRITICAL - 2023-03-26 19:53:16 --> Undefined variable $plans
in APPPATH/Views/frontend/retro/pages/blog.php on line 22.
 1 APPPATH/Views/frontend/retro/pages/blog.php(22): CodeIgniter\Debug\Exceptions->errorHandler(2, 'Undefined variable $plans', 'APPPATH/Views/frontend/retro/pages/blog.php', 22)
 2 SYSTEMPATH/View/View.php(213): include('APPPATH/Views/frontend/retro/pages/blog.php')
 3 SYSTEMPATH/View/View.php(216): CodeIgniter\View\View->CodeIgniter\View\{closure}()
 4 SYSTEMPATH/Common.php(1184): CodeIgniter\View\View->render('frontend/retro/pages/blog', [], true)
 5 APPPATH/Views/frontend/retro/template.php(44): view('frontend/retro/pages/blog')
 6 SYSTEMPATH/View/View.php(213): include('APPPATH/Views/frontend/retro/template.php')
 7 SYSTEMPATH/View/View.php(216): CodeIgniter\View\View->CodeIgniter\View\{closure}()
 8 SYSTEMPATH/Common.php(1184): CodeIgniter\View\View->render('frontend/retro/template', [], true)
 9 APPPATH/Controllers/Blog.php(33): view('frontend/retro/template', [...])
10 SYSTEMPATH/CodeIgniter.php(934): App\Controllers\Blog->index()
11 SYSTEMPATH/CodeIgniter.php(499): CodeIgniter\CodeIgniter->runController(Object(App\Controllers\Blog))
12 SYSTEMPATH/CodeIgniter.php(368): CodeIgniter\CodeIgniter->handleRequest(null, Object(Config\Cache), false)
13 FCPATH/index.php(54): CodeIgniter\CodeIgniter->run()
CRITICAL - 2023-03-26 19:57:11 --> Undefined variable $row
in APPPATH/Views/frontend/retro/pages/blog.php on line 29.
 1 APPPATH/Views/frontend/retro/pages/blog.php(29): CodeIgniter\Debug\Exceptions->errorHandler(2, 'Undefined variable $row', 'APPPATH/Views/frontend/retro/pages/blog.php', 29)
 2 SYSTEMPATH/View/View.php(213): include('APPPATH/Views/frontend/retro/pages/blog.php')
 3 SYSTEMPATH/View/View.php(216): CodeIgniter\View\View->CodeIgniter\View\{closure}()
 4 SYSTEMPATH/Common.php(1184): CodeIgniter\View\View->render('frontend/retro/pages/blog', [], true)
 5 APPPATH/Views/frontend/retro/template.php(44): view('frontend/retro/pages/blog')
 6 SYSTEMPATH/View/View.php(213): include('APPPATH/Views/frontend/retro/template.php')
 7 SYSTEMPATH/View/View.php(216): CodeIgniter\View\View->CodeIgniter\View\{closure}()
 8 SYSTEMPATH/Common.php(1184): CodeIgniter\View\View->render('frontend/retro/template', [], true)
 9 APPPATH/Controllers/Blog.php(33): view('frontend/retro/template', [...])
10 SYSTEMPATH/CodeIgniter.php(934): App\Controllers\Blog->index()
11 SYSTEMPATH/CodeIgniter.php(499): CodeIgniter\CodeIgniter->runController(Object(App\Controllers\Blog))
12 SYSTEMPATH/CodeIgniter.php(368): CodeIgniter\CodeIgniter->handleRequest(null, Object(Config\Cache), false)
13 FCPATH/index.php(54): CodeIgniter\CodeIgniter->run()
CRITICAL - 2023-03-26 20:08:58 --> Undefined array key "create_at"
in APPPATH/Views/frontend/retro/pages/blog.php on line 33.
 1 APPPATH/Views/frontend/retro/pages/blog.php(33): CodeIgniter\Debug\Exceptions->errorHandler(2, 'Undefined array key "create_at"', 'APPPATH/Views/frontend/retro/pages/blog.php', 33)
 2 SYSTEMPATH/View/View.php(213): include('APPPATH/Views/frontend/retro/pages/blog.php')
 3 SYSTEMPATH/View/View.php(216): CodeIgniter\View\View->CodeIgniter\View\{closure}()
 4 SYSTEMPATH/Common.php(1184): CodeIgniter\View\View->render('frontend/retro/pages/blog', [], true)
 5 APPPATH/Views/frontend/retro/template.php(44): view('frontend/retro/pages/blog')
 6 SYSTEMPATH/View/View.php(213): include('APPPATH/Views/frontend/retro/template.php')
 7 SYSTEMPATH/View/View.php(216): CodeIgniter\View\View->CodeIgniter\View\{closure}()
 8 SYSTEMPATH/Common.php(1184): CodeIgniter\View\View->render('frontend/retro/template', [], true)
 9 APPPATH/Controllers/Blog.php(33): view('frontend/retro/template', [...])
10 SYSTEMPATH/CodeIgniter.php(934): App\Controllers\Blog->index()
11 SYSTEMPATH/CodeIgniter.php(499): CodeIgniter\CodeIgniter->runController(Object(App\Controllers\Blog))
12 SYSTEMPATH/CodeIgniter.php(368): CodeIgniter\CodeIgniter->handleRequest(null, Object(Config\Cache), false)
13 FCPATH/index.php(54): CodeIgniter\CodeIgniter->run()
CRITICAL - 2023-03-26 20:11:30 --> Undefined variable $row
in APPPATH/Views/frontend/retro/pages/blog.php on line 29.
 1 APPPATH/Views/frontend/retro/pages/blog.php(29): CodeIgniter\Debug\Exceptions->errorHandler(2, 'Undefined variable $row', 'APPPATH/Views/frontend/retro/pages/blog.php', 29)
 2 SYSTEMPATH/View/View.php(213): include('APPPATH/Views/frontend/retro/pages/blog.php')
 3 SYSTEMPATH/View/View.php(216): CodeIgniter\View\View->CodeIgniter\View\{closure}()
 4 SYSTEMPATH/Common.php(1184): CodeIgniter\View\View->render('frontend/retro/pages/blog', [], true)
 5 APPPATH/Views/frontend/retro/template.php(44): view('frontend/retro/pages/blog')
 6 SYSTEMPATH/View/View.php(213): include('APPPATH/Views/frontend/retro/template.php')
 7 SYSTEMPATH/View/View.php(216): CodeIgniter\View\View->CodeIgniter\View\{closure}()
 8 SYSTEMPATH/Common.php(1184): CodeIgniter\View\View->render('frontend/retro/template', [], true)
 9 APPPATH/Controllers/Blog.php(33): view('frontend/retro/template', [...])
10 SYSTEMPATH/CodeIgniter.php(934): App\Controllers\Blog->index()
11 SYSTEMPATH/CodeIgniter.php(499): CodeIgniter\CodeIgniter->runController(Object(App\Controllers\Blog))
12 SYSTEMPATH/CodeIgniter.php(368): CodeIgniter\CodeIgniter->handleRequest(null, Object(Config\Cache), false)
13 FCPATH/index.php(54): CodeIgniter\CodeIgniter->run()
CRITICAL - 2023-03-26 20:50:56 --> Undefined variable $blogs
in APPPATH/Views/frontend/retro/pages/home.php on line 286.
 1 APPPATH/Views/frontend/retro/pages/home.php(286): CodeIgniter\Debug\Exceptions->errorHandler(2, 'Undefined variable $blogs', 'APPPATH/Views/frontend/retro/pages/home.php', 286)
 2 SYSTEMPATH/View/View.php(213): include('APPPATH/Views/frontend/retro/pages/home.php')
 3 SYSTEMPATH/View/View.php(216): CodeIgniter\View\View->CodeIgniter\View\{closure}()
 4 SYSTEMPATH/Common.php(1184): CodeIgniter\View\View->render('frontend/retro/pages/home', [], true)
 5 APPPATH/Views/frontend/retro/template.php(44): view('frontend/retro/pages/home')
 6 SYSTEMPATH/View/View.php(213): include('APPPATH/Views/frontend/retro/template.php')
 7 SYSTEMPATH/View/View.php(216): CodeIgniter\View\View->CodeIgniter\View\{closure}()
 8 SYSTEMPATH/Common.php(1184): CodeIgniter\View\View->render('/frontend/retro/template', [], true)
 9 APPPATH/Controllers/Home.php(61): view('/frontend/retro/template', [...])
10 SYSTEMPATH/CodeIgniter.php(934): App\Controllers\Home->index()
11 SYSTEMPATH/CodeIgniter.php(499): CodeIgniter\CodeIgniter->runController(Object(App\Controllers\Home))
12 SYSTEMPATH/CodeIgniter.php(368): CodeIgniter\CodeIgniter->handleRequest(null, Object(Config\Cache), false)
13 FCPATH/index.php(54): CodeIgniter\CodeIgniter->run()
CRITICAL - 2023-03-26 22:37:58 --> Undefined variable $title
in APPPATH/Views/frontend/retro/template.php on line 18.
 1 APPPATH/Views/frontend/retro/template.php(18): CodeIgniter\Debug\Exceptions->errorHandler(2, 'Undefined variable $title', 'APPPATH/Views/frontend/retro/template.php', 18)
 2 SYSTEMPATH/View/View.php(213): include('APPPATH/Views/frontend/retro/template.php')
 3 SYSTEMPATH/View/View.php(216): CodeIgniter\View\View->CodeIgniter\View\{closure}()
 4 SYSTEMPATH/Common.php(1184): CodeIgniter\View\View->render('frontend/retro/template', [], true)
 5 APPPATH/Controllers/Blog.php(38): view('frontend/retro/template', [...])
 6 SYSTEMPATH/CodeIgniter.php(934): App\Controllers\Blog->show('2')
 7 SYSTEMPATH/CodeIgniter.php(499): CodeIgniter\CodeIgniter->runController(Object(App\Controllers\Blog))
 8 SYSTEMPATH/CodeIgniter.php(368): CodeIgniter\CodeIgniter->handleRequest(null, Object(Config\Cache), false)
 9 FCPATH/index.php(54): CodeIgniter\CodeIgniter->run()
CRITICAL - 2023-03-26 22:37:59 --> Undefined variable $title
in APPPATH/Views/frontend/retro/template.php on line 18.
 1 APPPATH/Views/frontend/retro/template.php(18): CodeIgniter\Debug\Exceptions->errorHandler(2, 'Undefined variable $title', 'APPPATH/Views/frontend/retro/template.php', 18)
 2 SYSTEMPATH/View/View.php(213): include('APPPATH/Views/frontend/retro/template.php')
 3 SYSTEMPATH/View/View.php(216): CodeIgniter\View\View->CodeIgniter\View\{closure}()
 4 SYSTEMPATH/Common.php(1184): CodeIgniter\View\View->render('frontend/retro/template', [], true)
 5 APPPATH/Controllers/Blog.php(38): view('frontend/retro/template', [...])
 6 SYSTEMPATH/CodeIgniter.php(934): App\Controllers\Blog->show('2')
 7 SYSTEMPATH/CodeIgniter.php(499): CodeIgniter\CodeIgniter->runController(Object(App\Controllers\Blog))
 8 SYSTEMPATH/CodeIgniter.php(368): CodeIgniter\CodeIgniter->handleRequest(null, Object(Config\Cache), false)
 9 FCPATH/index.php(54): CodeIgniter\CodeIgniter->run()
CRITICAL - 2023-03-26 22:47:21 --> Invalid file: "frontend/template.php"
in SYSTEMPATH/Exceptions/FrameworkException.php on line 33.
 1 SYSTEMPATH/View/View.php(201): CodeIgniter\Exceptions\FrameworkException::forInvalidFile('frontend/template.php')
 2 SYSTEMPATH/Common.php(1184): CodeIgniter\View\View->render('frontend/template', [], true)
 3 APPPATH/Controllers/Blog.php(53): view('frontend/template', [...])
 4 SYSTEMPATH/CodeIgniter.php(934): App\Controllers\Blog->show('1')
 5 SYSTEMPATH/CodeIgniter.php(499): CodeIgniter\CodeIgniter->runController(Object(App\Controllers\Blog))
 6 SYSTEMPATH/CodeIgniter.php(368): CodeIgniter\CodeIgniter->handleRequest(null, Object(Config\Cache), false)
 7 FCPATH/index.php(54): CodeIgniter\CodeIgniter->run()
CRITICAL - 2023-03-26 22:48:42 --> Undefined variable $title
in APPPATH/Views/frontend/retro/template.php on line 18.
 1 APPPATH/Views/frontend/retro/template.php(18): CodeIgniter\Debug\Exceptions->errorHandler(2, 'Undefined variable $title', 'APPPATH/Views/frontend/retro/template.php', 18)
 2 SYSTEMPATH/View/View.php(213): include('APPPATH/Views/frontend/retro/template.php')
 3 SYSTEMPATH/View/View.php(216): CodeIgniter\View\View->CodeIgniter\View\{closure}()
 4 SYSTEMPATH/Common.php(1184): CodeIgniter\View\View->render('frontend/retro/template', [], true)
 5 APPPATH/Controllers/Blog.php(53): view('frontend/retro/template', [...])
 6 SYSTEMPATH/CodeIgniter.php(934): App\Controllers\Blog->show('1')
 7 SYSTEMPATH/CodeIgniter.php(499): CodeIgniter\CodeIgniter->runController(Object(App\Controllers\Blog))
 8 SYSTEMPATH/CodeIgniter.php(368): CodeIgniter\CodeIgniter->handleRequest(null, Object(Config\Cache), false)
 9 FCPATH/index.php(54): CodeIgniter\CodeIgniter->run()
CRITICAL - 2023-03-26 22:48:47 --> Undefined variable $main_page
in APPPATH/Views/frontend/retro/template.php on line 44.
 1 APPPATH/Views/frontend/retro/template.php(44): CodeIgniter\Debug\Exceptions->errorHandler(2, 'Undefined variable $main_page', 'APPPATH/Views/frontend/retro/template.php', 44)
 2 SYSTEMPATH/View/View.php(213): include('APPPATH/Views/frontend/retro/template.php')
 3 SYSTEMPATH/View/View.php(216): CodeIgniter\View\View->CodeIgniter\View\{closure}()
 4 SYSTEMPATH/Common.php(1184): CodeIgniter\View\View->render('frontend/retro/template', [], true)
 5 APPPATH/Controllers/Blog.php(53): view('frontend/retro/template', [...])
 6 SYSTEMPATH/CodeIgniter.php(934): App\Controllers\Blog->show('1')
 7 SYSTEMPATH/CodeIgniter.php(499): CodeIgniter\CodeIgniter->runController(Object(App\Controllers\Blog))
 8 SYSTEMPATH/CodeIgniter.php(368): CodeIgniter\CodeIgniter->handleRequest(null, Object(Config\Cache), false)
 9 FCPATH/index.php(54): CodeIgniter\CodeIgniter->run()
CRITICAL - 2023-03-26 22:49:54 --> Undefined variable $meta_description
in APPPATH/Views/frontend/retro/include-css.php on line 1.
 1 APPPATH/Views/frontend/retro/include-css.php(1): CodeIgniter\Debug\Exceptions->errorHandler(2, 'Undefined variable $meta_description', 'APPPATH/Views/frontend/retro/include-css.php', 1)
 2 SYSTEMPATH/View/View.php(213): include('APPPATH/Views/frontend/retro/include-css.php')
 3 SYSTEMPATH/View/View.php(216): CodeIgniter\View\View->CodeIgniter\View\{closure}()
 4 SYSTEMPATH/Common.php(1184): CodeIgniter\View\View->render('frontend/retro/include-css', [], true)
 5 APPPATH/Views/frontend/retro/template.php(19): view('frontend/retro/include-css')
 6 SYSTEMPATH/View/View.php(213): include('APPPATH/Views/frontend/retro/template.php')
 7 SYSTEMPATH/View/View.php(216): CodeIgniter\View\View->CodeIgniter\View\{closure}()
 8 SYSTEMPATH/Common.php(1184): CodeIgniter\View\View->render('frontend/retro/template', [], true)
 9 APPPATH/Controllers/Blog.php(53): view('frontend/retro/template', [...])
10 SYSTEMPATH/CodeIgniter.php(934): App\Controllers\Blog->show('1')
11 SYSTEMPATH/CodeIgniter.php(499): CodeIgniter\CodeIgniter->runController(Object(App\Controllers\Blog))
12 SYSTEMPATH/CodeIgniter.php(368): CodeIgniter\CodeIgniter->handleRequest(null, Object(Config\Cache), false)
13 FCPATH/index.php(54): CodeIgniter\CodeIgniter->run()
CRITICAL - 2023-03-26 22:50:29 --> Invalid file: "frontend/retro/pages/blog show.php"
in SYSTEMPATH/Exceptions/FrameworkException.php on line 33.
 1 SYSTEMPATH/View/View.php(201): CodeIgniter\Exceptions\FrameworkException::forInvalidFile('frontend/retro/pages/blog show.php')
 2 SYSTEMPATH/Common.php(1184): CodeIgniter\View\View->render('frontend/retro/pages/blog show', [], true)
 3 APPPATH/Views/frontend/retro/template.php(44): view('frontend/retro/pages/blog show')
 4 SYSTEMPATH/View/View.php(213): include('APPPATH/Views/frontend/retro/template.php')
 5 SYSTEMPATH/View/View.php(216): CodeIgniter\View\View->CodeIgniter\View\{closure}()
 6 SYSTEMPATH/Common.php(1184): CodeIgniter\View\View->render('frontend/retro/template', [], true)
 7 APPPATH/Controllers/Blog.php(53): view('frontend/retro/template', [...])
 8 SYSTEMPATH/CodeIgniter.php(934): App\Controllers\Blog->show('1')
 9 SYSTEMPATH/CodeIgniter.php(499): CodeIgniter\CodeIgniter->runController(Object(App\Controllers\Blog))
10 SYSTEMPATH/CodeIgniter.php(368): CodeIgniter\CodeIgniter->handleRequest(null, Object(Config\Cache), false)
11 FCPATH/index.php(54): CodeIgniter\CodeIgniter->run()
